{"/home/travis/build/npmtest/node-npmtest-webpack-validator/test.js":{"path":"/home/travis/build/npmtest/node-npmtest-webpack-validator/test.js","s":{"1":2,"2":2,"3":2,"4":2,"5":2,"6":2,"7":2,"8":1,"9":2,"10":2,"11":1,"12":1,"13":1,"14":1,"15":2,"16":2,"17":2,"18":2,"19":1,"20":1,"21":2,"22":2,"23":2,"24":1,"25":1,"26":1,"27":1,"28":1,"29":1,"30":1,"31":1,"32":1,"33":1,"34":1,"35":1,"36":1,"37":1,"38":1,"39":2,"40":2,"41":1,"42":2,"43":2,"44":1,"45":2,"46":2,"47":1,"48":2,"49":2,"50":1,"51":1,"52":1,"53":1,"54":1},"b":{"1":[2,1,1,1],"2":[1,1,1,1],"3":[1,1],"4":[1,1],"5":[1,1],"6":[1,1],"7":[1,1],"8":[1,1],"9":[1,1],"10":[1,1,1],"11":[1,1],"12":[1,1],"13":[1,1],"14":[1,1],"15":[1,1],"16":[1,1],"17":[1,1]},"f":{"1":2,"2":2,"3":2,"4":2,"5":2,"6":1,"7":1,"8":1,"9":2,"10":2,"11":2,"12":2,"13":1},"fnMap":{"1":{"name":"(anonymous_1)","line":12,"loc":{"start":{"line":12,"column":1},"end":{"line":12,"column":13}}},"2":{"name":"(anonymous_2)","line":19,"loc":{"start":{"line":19,"column":5},"end":{"line":19,"column":17}}},"3":{"name":"(anonymous_3)","line":23,"loc":{"start":{"line":23,"column":24},"end":{"line":23,"column":36}}},"4":{"name":"(anonymous_4)","line":61,"loc":{"start":{"line":61,"column":5},"end":{"line":61,"column":17}}},"5":{"name":"(anonymous_5)","line":82,"loc":{"start":{"line":82,"column":5},"end":{"line":82,"column":17}}},"6":{"name":"(anonymous_6)","line":91,"loc":{"start":{"line":91,"column":77},"end":{"line":94,"column":10}}},"7":{"name":"(anonymous_7)","line":112,"loc":{"start":{"line":112,"column":83},"end":{"line":115,"column":10}},"skip":true},"8":{"name":"(anonymous_8)","line":123,"loc":{"start":{"line":123,"column":77},"end":{"line":126,"column":10}},"skip":true},"9":{"name":"(anonymous_9)","line":139,"loc":{"start":{"line":139,"column":12},"end":{"line":139,"column":40}},"skip":true},"10":{"name":"(anonymous_10)","line":147,"loc":{"start":{"line":147,"column":77},"end":{"line":150,"column":10}},"skip":true},"11":{"name":"(anonymous_11)","line":158,"loc":{"start":{"line":158,"column":83},"end":{"line":161,"column":10}},"skip":true},"12":{"name":"(anonymous_12)","line":169,"loc":{"start":{"line":169,"column":79},"end":{"line":172,"column":10}},"skip":true},"13":{"name":"(anonymous_13)","line":180,"loc":{"start":{"line":180,"column":75},"end":{"line":183,"column":10}},"skip":true}},"statementMap":{"1":{"start":{"line":12,"column":0},"end":{"line":195,"column":5}},"2":{"start":{"line":14,"column":4},"end":{"line":14,"column":14}},"3":{"start":{"line":19,"column":4},"end":{"line":56,"column":9}},"4":{"start":{"line":21,"column":8},"end":{"line":21,"column":19}},"5":{"start":{"line":23,"column":8},"end":{"line":35,"column":13}},"6":{"start":{"line":24,"column":12},"end":{"line":34,"column":13}},"7":{"start":{"line":25,"column":16},"end":{"line":28,"column":30}},"8":{"start":{"line":30,"column":16},"end":{"line":33,"column":27}},"9":{"start":{"line":37,"column":8},"end":{"line":39,"column":21}},"10":{"start":{"line":40,"column":8},"end":{"line":53,"column":9}},"11":{"start":{"line":43,"column":12},"end":{"line":46,"column":14}},"12":{"start":{"line":47,"column":12},"end":{"line":47,"column":18}},"13":{"start":{"line":50,"column":12},"end":{"line":51,"column":46}},"14":{"start":{"line":52,"column":12},"end":{"line":52,"column":18}},"15":{"start":{"line":55,"column":8},"end":{"line":55,"column":35}},"16":{"start":{"line":61,"column":4},"end":{"line":63,"column":9}},"17":{"start":{"line":62,"column":8},"end":{"line":62,"column":15}},"18":{"start":{"line":64,"column":4},"end":{"line":77,"column":5}},"19":{"start":{"line":70,"column":8},"end":{"line":70,"column":14}},"20":{"start":{"line":76,"column":8},"end":{"line":76,"column":14}},"21":{"start":{"line":82,"column":4},"end":{"line":84,"column":9}},"22":{"start":{"line":83,"column":8},"end":{"line":83,"column":15}},"23":{"start":{"line":85,"column":4},"end":{"line":194,"column":5}},"24":{"start":{"line":91,"column":8},"end":{"line":99,"column":10}},"25":{"start":{"line":98,"column":12},"end":{"line":98,"column":35}},"26":{"start":{"line":102,"column":8},"end":{"line":104,"column":63}},"27":{"start":{"line":105,"column":8},"end":{"line":105,"column":14}},"28":{"start":{"line":112,"column":8},"end":{"line":121,"column":10},"skip":true},"29":{"start":{"line":119,"column":12},"end":{"line":119,"column":55},"skip":true},"30":{"start":{"line":120,"column":12},"end":{"line":120,"column":48},"skip":true},"31":{"start":{"line":123,"column":8},"end":{"line":136,"column":10},"skip":true},"32":{"start":{"line":130,"column":12},"end":{"line":130,"column":76},"skip":true},"33":{"start":{"line":131,"column":12},"end":{"line":131,"column":73},"skip":true},"34":{"start":{"line":132,"column":12},"end":{"line":132,"column":74},"skip":true},"35":{"start":{"line":133,"column":12},"end":{"line":133,"column":79},"skip":true},"36":{"start":{"line":134,"column":12},"end":{"line":134,"column":25},"skip":true},"37":{"start":{"line":135,"column":12},"end":{"line":135,"column":45},"skip":true},"38":{"start":{"line":138,"column":8},"end":{"line":145,"column":14},"skip":true},"39":{"start":{"line":143,"column":16},"end":{"line":143,"column":29},"skip":true},"40":{"start":{"line":144,"column":16},"end":{"line":144,"column":55},"skip":true},"41":{"start":{"line":147,"column":8},"end":{"line":156,"column":10},"skip":true},"42":{"start":{"line":154,"column":12},"end":{"line":154,"column":25},"skip":true},"43":{"start":{"line":155,"column":12},"end":{"line":155,"column":45},"skip":true},"44":{"start":{"line":158,"column":8},"end":{"line":167,"column":10},"skip":true},"45":{"start":{"line":165,"column":12},"end":{"line":165,"column":25},"skip":true},"46":{"start":{"line":166,"column":12},"end":{"line":166,"column":48},"skip":true},"47":{"start":{"line":169,"column":8},"end":{"line":178,"column":10},"skip":true},"48":{"start":{"line":176,"column":12},"end":{"line":176,"column":25},"skip":true},"49":{"start":{"line":177,"column":12},"end":{"line":177,"column":46},"skip":true},"50":{"start":{"line":180,"column":8},"end":{"line":189,"column":10},"skip":true},"51":{"start":{"line":187,"column":12},"end":{"line":187,"column":94},"skip":true},"52":{"start":{"line":188,"column":12},"end":{"line":188,"column":48},"skip":true},"53":{"start":{"line":192,"column":8},"end":{"line":192,"column":35},"skip":true},"54":{"start":{"line":193,"column":8},"end":{"line":193,"column":14},"skip":true}},"branchMap":{"1":{"line":25,"type":"binary-expr","locations":[{"start":{"line":25,"column":23},"end":{"line":25,"column":62}},{"start":{"line":26,"column":20},"end":{"line":26,"column":70}},{"start":{"line":27,"column":20},"end":{"line":27,"column":71}},{"start":{"line":28,"column":20},"end":{"line":28,"column":29}}]},"2":{"line":30,"type":"binary-expr","locations":[{"start":{"line":30,"column":23},"end":{"line":30,"column":37}},{"start":{"line":31,"column":20},"end":{"line":31,"column":61}},{"start":{"line":32,"column":20},"end":{"line":32,"column":70}},{"start":{"line":33,"column":20},"end":{"line":33,"column":26}}]},"3":{"line":37,"type":"cond-expr","locations":[{"start":{"line":38,"column":14},"end":{"line":38,"column":20}},{"start":{"line":39,"column":14},"end":{"line":39,"column":20}}]},"4":{"line":40,"type":"switch","locations":[{"start":{"line":42,"column":8},"end":{"line":47,"column":18}},{"start":{"line":49,"column":8},"end":{"line":52,"column":18}}]},"5":{"line":44,"type":"binary-expr","locations":[{"start":{"line":44,"column":16},"end":{"line":44,"column":44}},{"start":{"line":44,"column":48},"end":{"line":44,"column":66}}]},"6":{"line":50,"type":"binary-expr","locations":[{"start":{"line":50,"column":21},"end":{"line":50,"column":49}},{"start":{"line":50,"column":53},"end":{"line":50,"column":72}}]},"7":{"line":64,"type":"switch","locations":[{"start":{"line":69,"column":4},"end":{"line":70,"column":14}},{"start":{"line":75,"column":4},"end":{"line":76,"column":14}}]},"8":{"line":85,"type":"switch","locations":[{"start":{"line":90,"column":4},"end":{"line":105,"column":14}},{"start":{"line":111,"column":4},"end":{"line":193,"column":14},"skip":true}]},"9":{"line":91,"type":"binary-expr","locations":[{"start":{"line":91,"column":42},"end":{"line":91,"column":73}},{"start":{"line":91,"column":77},"end":{"line":99,"column":9}}]},"10":{"line":102,"type":"binary-expr","locations":[{"start":{"line":102,"column":18},"end":{"line":102,"column":32}},{"start":{"line":103,"column":12},"end":{"line":103,"column":53}},{"start":{"line":104,"column":12},"end":{"line":104,"column":61}}]},"11":{"line":112,"type":"binary-expr","locations":[{"start":{"line":112,"column":45},"end":{"line":112,"column":79},"skip":true},{"start":{"line":112,"column":83},"end":{"line":121,"column":9},"skip":true}]},"12":{"line":123,"type":"binary-expr","locations":[{"start":{"line":123,"column":42},"end":{"line":123,"column":73},"skip":true},{"start":{"line":123,"column":77},"end":{"line":136,"column":9},"skip":true}]},"13":{"line":138,"type":"binary-expr","locations":[{"start":{"line":138,"column":48},"end":{"line":138,"column":85},"skip":true},{"start":{"line":139,"column":12},"end":{"line":145,"column":13},"skip":true}]},"14":{"line":147,"type":"binary-expr","locations":[{"start":{"line":147,"column":42},"end":{"line":147,"column":73},"skip":true},{"start":{"line":147,"column":77},"end":{"line":156,"column":9},"skip":true}]},"15":{"line":158,"type":"binary-expr","locations":[{"start":{"line":158,"column":45},"end":{"line":158,"column":79},"skip":true},{"start":{"line":158,"column":83},"end":{"line":167,"column":9},"skip":true}]},"16":{"line":169,"type":"binary-expr","locations":[{"start":{"line":169,"column":43},"end":{"line":169,"column":75},"skip":true},{"start":{"line":169,"column":79},"end":{"line":178,"column":9},"skip":true}]},"17":{"line":180,"type":"binary-expr","locations":[{"start":{"line":180,"column":41},"end":{"line":180,"column":71},"skip":true},{"start":{"line":180,"column":75},"end":{"line":189,"column":9},"skip":true}]}},"code":["/* istanbul instrument in package npmtest_webpack_validator */","/*jslint","    bitwise: true,","    browser: true,","    maxerr: 8,","    maxlen: 96,","    node: true,","    nomen: true,","    regexp: true,","    stupid: true","*/","(function () {","    'use strict';","    var local;","","","","    // run shared js-env code - pre-init","    (function () {","        // init local","        local = {};","        // init modeJs","        local.modeJs = (function () {","            try {","                return typeof navigator.userAgent === 'string' &&","                    typeof document.querySelector('body') === 'object' &&","                    typeof XMLHttpRequest.prototype.open === 'function' &&","                    'browser';","            } catch (errorCaughtBrowser) {","                return module.exports &&","                    typeof process.versions.node === 'string' &&","                    typeof require('http').createServer === 'function' &&","                    'node';","            }","        }());","        // init global","        local.global = local.modeJs === 'browser'","            ? window","            : global;","        switch (local.modeJs) {","        // re-init local from window.local","        case 'browser':","            local = local.global.utility2.objectSetDefault(","                local.global.utility2_rollup || local.global.local,","                local.global.utility2","            );","            break;","        // re-init local from example.js","        case 'node':","            local = (local.global.utility2_rollup || require('utility2'))","                .requireExampleJsFromReadme();","            break;","        }","        // export local","        local.global.local = local;","    }());","","","","    // run shared js-env code - function","    (function () {","        return;","    }());","    switch (local.modeJs) {","","","","    // run browser js-env code - function","    case 'browser':","        break;","","","","    // run node js-env code - function","    case 'node':","        break;","    }","","","","    // run shared js-env code - post-init","    (function () {","        return;","    }());","    switch (local.modeJs) {","","","","    // run browser js-env code - post-init","    case 'browser':","        local.testCase_browser_nullCase = local.testCase_browser_nullCase || function (","            options,","            onError","        ) {","        /*","         * this function will test browsers's null-case handling-behavior-behavior","         */","            onError(null, options);","        };","","        // run tests","        local.nop(local.modeTest &&","            document.querySelector('#testRunButton1') &&","            document.querySelector('#testRunButton1').click());","        break;","","","","    // run node js-env code - post-init","    /* istanbul ignore next */","    case 'node':","        local.testCase_buildApidoc_default = local.testCase_buildApidoc_default || function (","            options,","            onError","        ) {","        /*","         * this function will test buildApidoc's default handling-behavior-behavior","         */","            options = { modulePathList: module.paths };","            local.buildApidoc(options, onError);","        };","","        local.testCase_buildApp_default = local.testCase_buildApp_default || function (","            options,","            onError","        ) {","        /*","         * this function will test buildApp's default handling-behavior-behavior","         */","            local.testCase_buildReadme_default(options, local.onErrorThrow);","            local.testCase_buildLib_default(options, local.onErrorThrow);","            local.testCase_buildTest_default(options, local.onErrorThrow);","            local.testCase_buildCustomOrg_default(options, local.onErrorThrow);","            options = [];","            local.buildApp(options, onError);","        };","","        local.testCase_buildCustomOrg_default = local.testCase_buildCustomOrg_default ||","            function (options, onError) {","            /*","             * this function will test buildCustomOrg's default handling-behavior","             */","                options = {};","                local.buildCustomOrg(options, onError);","            };","","        local.testCase_buildLib_default = local.testCase_buildLib_default || function (","            options,","            onError","        ) {","        /*","         * this function will test buildLib's default handling-behavior","         */","            options = {};","            local.buildLib(options, onError);","        };","","        local.testCase_buildReadme_default = local.testCase_buildReadme_default || function (","            options,","            onError","        ) {","        /*","         * this function will test buildReadme's default handling-behavior-behavior","         */","            options = {};","            local.buildReadme(options, onError);","        };","","        local.testCase_buildTest_default = local.testCase_buildTest_default || function (","            options,","            onError","        ) {","        /*","         * this function will test buildTest's default handling-behavior","         */","            options = {};","            local.buildTest(options, onError);","        };","","        local.testCase_webpage_default = local.testCase_webpage_default || function (","            options,","            onError","        ) {","        /*","         * this function will test webpage's default handling-behavior","         */","            options = { modeCoverageMerge: true, url: local.serverLocalHost + '?modeTest=1' };","            local.browserTest(options, onError);","        };","","        // run test-server","        local.testRunServer(local);","        break;","    }","}());",""],"l":{"12":2,"14":2,"19":2,"21":2,"23":2,"24":2,"25":2,"30":1,"37":2,"40":2,"43":1,"47":1,"50":1,"52":1,"55":2,"61":2,"62":2,"64":2,"70":1,"76":1,"82":2,"83":2,"85":2,"91":1,"98":1,"102":1,"105":1,"112":1,"119":1,"120":1,"123":1,"130":1,"131":1,"132":1,"133":1,"134":1,"135":1,"138":1,"143":2,"144":2,"147":1,"154":2,"155":2,"158":1,"165":2,"166":2,"169":1,"176":2,"177":2,"180":1,"187":1,"188":1,"192":1,"193":1}},"/home/travis/build/npmtest/node-npmtest-webpack-validator/lib.npmtest_webpack_validator.js":{"path":"/home/travis/build/npmtest/node-npmtest-webpack-validator/lib.npmtest_webpack_validator.js","s":{"1":2,"2":2,"3":2,"4":2,"5":2,"6":2,"7":2,"8":1,"9":2,"10":2,"11":2,"12":2,"13":1,"14":1,"15":1,"16":1},"b":{"1":[2,1,1,1],"2":[1,1,1,1],"3":[1,1],"4":[2,2],"5":[1,1]},"f":{"1":2,"2":2,"3":2},"fnMap":{"1":{"name":"(anonymous_1)","line":12,"loc":{"start":{"line":12,"column":1},"end":{"line":12,"column":13}}},"2":{"name":"(anonymous_2)","line":19,"loc":{"start":{"line":19,"column":5},"end":{"line":19,"column":17}}},"3":{"name":"(anonymous_3)","line":23,"loc":{"start":{"line":23,"column":24},"end":{"line":23,"column":36}}}},"statementMap":{"1":{"start":{"line":12,"column":0},"end":{"line":53,"column":5}},"2":{"start":{"line":14,"column":4},"end":{"line":14,"column":14}},"3":{"start":{"line":19,"column":4},"end":{"line":52,"column":9}},"4":{"start":{"line":21,"column":8},"end":{"line":21,"column":19}},"5":{"start":{"line":23,"column":8},"end":{"line":35,"column":13}},"6":{"start":{"line":24,"column":12},"end":{"line":34,"column":13}},"7":{"start":{"line":25,"column":16},"end":{"line":28,"column":30}},"8":{"start":{"line":30,"column":16},"end":{"line":33,"column":27}},"9":{"start":{"line":37,"column":8},"end":{"line":39,"column":21}},"10":{"start":{"line":41,"column":8},"end":{"line":41,"column":54}},"11":{"start":{"line":43,"column":8},"end":{"line":43,"column":62}},"12":{"start":{"line":45,"column":8},"end":{"line":51,"column":9}},"13":{"start":{"line":46,"column":12},"end":{"line":46,"column":68}},"14":{"start":{"line":48,"column":12},"end":{"line":48,"column":35}},"15":{"start":{"line":49,"column":12},"end":{"line":49,"column":49}},"16":{"start":{"line":50,"column":12},"end":{"line":50,"column":43}}},"branchMap":{"1":{"line":25,"type":"binary-expr","locations":[{"start":{"line":25,"column":23},"end":{"line":25,"column":62}},{"start":{"line":26,"column":20},"end":{"line":26,"column":70}},{"start":{"line":27,"column":20},"end":{"line":27,"column":71}},{"start":{"line":28,"column":20},"end":{"line":28,"column":29}}]},"2":{"line":30,"type":"binary-expr","locations":[{"start":{"line":30,"column":23},"end":{"line":30,"column":37}},{"start":{"line":31,"column":20},"end":{"line":31,"column":61}},{"start":{"line":32,"column":20},"end":{"line":32,"column":70}},{"start":{"line":33,"column":20},"end":{"line":33,"column":26}}]},"3":{"line":37,"type":"cond-expr","locations":[{"start":{"line":38,"column":14},"end":{"line":38,"column":20}},{"start":{"line":39,"column":14},"end":{"line":39,"column":20}}]},"4":{"line":41,"type":"binary-expr","locations":[{"start":{"line":41,"column":16},"end":{"line":41,"column":44}},{"start":{"line":41,"column":48},"end":{"line":41,"column":53}}]},"5":{"line":45,"type":"if","locations":[{"start":{"line":45,"column":8},"end":{"line":45,"column":8}},{"start":{"line":45,"column":8},"end":{"line":45,"column":8}}]}},"code":["/* istanbul instrument in package npmtest_webpack_validator */","/*jslint","    bitwise: true,","    browser: true,","    maxerr: 8,","    maxlen: 96,","    node: true,","    nomen: true,","    regexp: true,","    stupid: true","*/","(function () {","    'use strict';","    var local;","","","","    // run shared js-env code - pre-init","    (function () {","        // init local","        local = {};","        // init modeJs","        local.modeJs = (function () {","            try {","                return typeof navigator.userAgent === 'string' &&","                    typeof document.querySelector('body') === 'object' &&","                    typeof XMLHttpRequest.prototype.open === 'function' &&","                    'browser';","            } catch (errorCaughtBrowser) {","                return module.exports &&","                    typeof process.versions.node === 'string' &&","                    typeof require('http').createServer === 'function' &&","                    'node';","            }","        }());","        // init global","        local.global = local.modeJs === 'browser'","            ? window","            : global;","        // init utility2_rollup","        local = local.global.utility2_rollup || local;","        // init lib","        local.local = local.npmtest_webpack_validator = local;","        // init exports","        if (local.modeJs === 'browser') {","            local.global.utility2_npmtest_webpack_validator = local;","        } else {","            module.exports = local;","            module.exports.__dirname = __dirname;","            module.exports.module = module;","        }","    }());","}());",""],"l":{"12":2,"14":2,"19":2,"21":2,"23":2,"24":2,"25":2,"30":1,"37":2,"41":2,"43":2,"45":2,"46":1,"48":1,"49":1,"50":1}},"/home/travis/build/npmtest/node-npmtest-webpack-validator/example.js":{"path":"/home/travis/build/npmtest/node-npmtest-webpack-validator/example.js","s":{"1":2,"2":2,"3":2,"4":2,"5":2,"6":2,"7":2,"8":1,"9":2,"10":2,"11":2,"12":2,"13":1,"14":2,"15":2,"16":2,"17":2,"18":2,"19":0,"20":2,"21":1,"22":1,"23":1,"24":1,"25":1,"26":0,"27":0,"28":1,"29":1,"30":2,"31":0,"32":0,"33":0,"34":1,"35":2,"36":2,"37":3,"38":3,"39":3,"40":3,"41":0,"42":3,"43":3,"44":3,"45":1,"46":3,"47":1,"48":1,"49":1,"50":1,"51":1,"52":1,"53":1,"54":1,"55":1,"56":1,"57":0,"58":1,"59":6,"60":6,"61":1,"62":2,"63":0,"64":2,"65":1,"66":1,"67":0,"68":0,"69":0,"70":0,"71":0,"72":0,"73":0,"74":0,"75":0,"76":0,"77":0,"78":0,"79":0,"80":0,"81":0,"82":0,"83":0},"b":{"1":[2,1,1,1],"2":[1,1,1,1],"3":[1,1],"4":[2,2],"5":[1,1],"6":[1,1],"7":[2,0],"8":[2,1,1,1,1,1],"9":[0,2,0],"10":[1,1],"11":[2,1,1],"12":[1,0],"13":[0,2],"14":[2,0,0,0,0,0,0],"15":[0,3],"16":[3,0],"17":[1,1],"18":[0,1],"19":[1,2,0,2],"20":[1,0],"21":[1,1],"22":[0,0],"23":[0,0],"24":[0,0],"25":[0,0],"26":[0,0],"27":[0,0],"28":[0,0]},"f":{"1":2,"2":2,"3":2,"4":2,"5":2,"6":2,"7":3,"8":3,"9":3,"10":1,"11":6,"12":0},"fnMap":{"1":{"name":"(anonymous_1)","line":26,"loc":{"start":{"line":26,"column":1},"end":{"line":26,"column":13}}},"2":{"name":"(anonymous_2)","line":33,"loc":{"start":{"line":33,"column":5},"end":{"line":33,"column":17}}},"3":{"name":"(anonymous_3)","line":37,"loc":{"start":{"line":37,"column":24},"end":{"line":37,"column":36}}},"4":{"name":"(anonymous_4)","line":69,"loc":{"start":{"line":69,"column":31},"end":{"line":69,"column":48}},"skip":true},"5":{"name":"(anonymous_5)","line":78,"loc":{"start":{"line":78,"column":26},"end":{"line":78,"column":45}},"skip":true},"6":{"name":"(anonymous_6)","line":123,"loc":{"start":{"line":123,"column":33},"end":{"line":123,"column":48}},"skip":true},"7":{"name":"(anonymous_7)","line":125,"loc":{"start":{"line":125,"column":27},"end":{"line":125,"column":39}},"skip":true},"8":{"name":"(anonymous_8)","line":133,"loc":{"start":{"line":133,"column":59},"end":{"line":133,"column":74}},"skip":true},"9":{"name":"(anonymous_9)","line":143,"loc":{"start":{"line":143,"column":45},"end":{"line":143,"column":62}},"skip":true},"10":{"name":"(anonymous_10)","line":144,"loc":{"start":{"line":144,"column":73},"end":{"line":144,"column":92}},"skip":true},"11":{"name":"(anonymous_11)","line":272,"loc":{"start":{"line":272,"column":51},"end":{"line":272,"column":77}},"skip":true},"12":{"name":"(anonymous_12)","line":315,"loc":{"start":{"line":315,"column":32},"end":{"line":315,"column":61}},"skip":true}},"statementMap":{"1":{"start":{"line":26,"column":0},"end":{"line":326,"column":5}},"2":{"start":{"line":28,"column":4},"end":{"line":28,"column":14}},"3":{"start":{"line":33,"column":4},"end":{"line":60,"column":9}},"4":{"start":{"line":35,"column":8},"end":{"line":35,"column":19}},"5":{"start":{"line":37,"column":8},"end":{"line":49,"column":13}},"6":{"start":{"line":38,"column":12},"end":{"line":48,"column":13}},"7":{"start":{"line":39,"column":16},"end":{"line":42,"column":30}},"8":{"start":{"line":44,"column":16},"end":{"line":47,"column":27}},"9":{"start":{"line":51,"column":8},"end":{"line":53,"column":21}},"10":{"start":{"line":55,"column":8},"end":{"line":57,"column":45}},"11":{"start":{"line":59,"column":8},"end":{"line":59,"column":35}},"12":{"start":{"line":61,"column":4},"end":{"line":325,"column":5}},"13":{"start":{"line":69,"column":8},"end":{"line":121,"column":10},"skip":true},"14":{"start":{"line":70,"column":12},"end":{"line":88,"column":13},"skip":true},"15":{"start":{"line":76,"column":16},"end":{"line":87,"column":19},"skip":true},"16":{"start":{"line":79,"column":20},"end":{"line":86,"column":21},"skip":true},"17":{"start":{"line":82,"column":24},"end":{"line":82,"column":43},"skip":true},"18":{"start":{"line":83,"column":24},"end":{"line":83,"column":30},"skip":true},"19":{"start":{"line":85,"column":24},"end":{"line":85,"column":49},"skip":true},"20":{"start":{"line":89,"column":12},"end":{"line":107,"column":13},"skip":true},"21":{"start":{"line":92,"column":16},"end":{"line":102,"column":17},"skip":true},"22":{"start":{"line":93,"column":20},"end":{"line":93,"column":86},"skip":true},"23":{"start":{"line":94,"column":20},"end":{"line":95,"column":45},"skip":true},"24":{"start":{"line":96,"column":20},"end":{"line":96,"column":42},"skip":true},"25":{"start":{"line":97,"column":20},"end":{"line":97,"column":48},"skip":true},"26":{"start":{"line":100,"column":20},"end":{"line":100,"column":85},"skip":true},"27":{"start":{"line":101,"column":20},"end":{"line":101,"column":96},"skip":true},"28":{"start":{"line":103,"column":16},"end":{"line":103,"column":22},"skip":true},"29":{"start":{"line":106,"column":16},"end":{"line":106,"column":22},"skip":true},"30":{"start":{"line":108,"column":12},"end":{"line":120,"column":13},"skip":true},"31":{"start":{"line":114,"column":16},"end":{"line":119,"column":17},"skip":true},"32":{"start":{"line":116,"column":20},"end":{"line":116,"column":78},"skip":true},"33":{"start":{"line":118,"column":20},"end":{"line":118,"column":47},"skip":true},"34":{"start":{"line":123,"column":8},"end":{"line":141,"column":11},"skip":true},"35":{"start":{"line":124,"column":12},"end":{"line":124,"column":54},"skip":true},"36":{"start":{"line":125,"column":12},"end":{"line":140,"column":14},"skip":true},"37":{"start":{"line":126,"column":16},"end":{"line":126,"column":28},"skip":true},"38":{"start":{"line":127,"column":16},"end":{"line":127,"column":69},"skip":true},"39":{"start":{"line":128,"column":16},"end":{"line":128,"column":75},"skip":true},"40":{"start":{"line":129,"column":16},"end":{"line":131,"column":17},"skip":true},"41":{"start":{"line":130,"column":20},"end":{"line":130,"column":27},"skip":true},"42":{"start":{"line":133,"column":16},"end":{"line":137,"column":36},"skip":true},"43":{"start":{"line":134,"column":20},"end":{"line":136,"column":55},"skip":true},"44":{"start":{"line":139,"column":16},"end":{"line":139,"column":57},"skip":true},"45":{"start":{"line":143,"column":8},"end":{"line":147,"column":11},"skip":true},"46":{"start":{"line":144,"column":12},"end":{"line":146,"column":15},"skip":true},"47":{"start":{"line":145,"column":16},"end":{"line":145,"column":70},"skip":true},"48":{"start":{"line":149,"column":8},"end":{"line":149,"column":31},"skip":true},"49":{"start":{"line":150,"column":8},"end":{"line":150,"column":14},"skip":true},"50":{"start":{"line":158,"column":8},"end":{"line":158,"column":31},"skip":true},"51":{"start":{"line":160,"column":8},"end":{"line":160,"column":33},"skip":true},"52":{"start":{"line":161,"column":8},"end":{"line":161,"column":37},"skip":true},"53":{"start":{"line":162,"column":8},"end":{"line":162,"column":35},"skip":true},"54":{"start":{"line":164,"column":8},"end":{"line":164,"column":50},"skip":true},"55":{"start":{"line":166,"column":8},"end":{"line":256,"column":2},"skip":true},"56":{"start":{"line":258,"column":8},"end":{"line":286,"column":9},"skip":true},"57":{"start":{"line":259,"column":12},"end":{"line":269,"column":14},"skip":true},"58":{"start":{"line":271,"column":12},"end":{"line":285,"column":19},"skip":true},"59":{"start":{"line":274,"column":20},"end":{"line":274,"column":35},"skip":true},"60":{"start":{"line":275,"column":20},"end":{"line":284,"column":21},"skip":true},"61":{"start":{"line":277,"column":24},"end":{"line":277,"column":64},"skip":true},"62":{"start":{"line":279,"column":24},"end":{"line":279,"column":40},"skip":true},"63":{"start":{"line":281,"column":24},"end":{"line":281,"column":40},"skip":true},"64":{"start":{"line":283,"column":24},"end":{"line":283,"column":39},"skip":true},"65":{"start":{"line":288,"column":8},"end":{"line":290,"column":9},"skip":true},"66":{"start":{"line":289,"column":12},"end":{"line":289,"column":18},"skip":true},"67":{"start":{"line":291,"column":8},"end":{"line":293,"column":54},"skip":true},"68":{"start":{"line":296,"column":8},"end":{"line":301,"column":37},"skip":true},"69":{"start":{"line":303,"column":8},"end":{"line":303,"column":82},"skip":true},"70":{"start":{"line":306,"column":8},"end":{"line":308,"column":9},"skip":true},"71":{"start":{"line":307,"column":12},"end":{"line":307,"column":82},"skip":true},"72":{"start":{"line":310,"column":8},"end":{"line":312,"column":9},"skip":true},"73":{"start":{"line":311,"column":12},"end":{"line":311,"column":18},"skip":true},"74":{"start":{"line":313,"column":8},"end":{"line":313,"column":54},"skip":true},"75":{"start":{"line":314,"column":8},"end":{"line":314,"column":69},"skip":true},"76":{"start":{"line":315,"column":8},"end":{"line":323,"column":36},"skip":true},"77":{"start":{"line":316,"column":12},"end":{"line":316,"column":61},"skip":true},"78":{"start":{"line":317,"column":12},"end":{"line":320,"column":13},"skip":true},"79":{"start":{"line":318,"column":16},"end":{"line":318,"column":75},"skip":true},"80":{"start":{"line":319,"column":16},"end":{"line":319,"column":23},"skip":true},"81":{"start":{"line":321,"column":12},"end":{"line":321,"column":38},"skip":true},"82":{"start":{"line":322,"column":12},"end":{"line":322,"column":27},"skip":true},"83":{"start":{"line":324,"column":8},"end":{"line":324,"column":14},"skip":true}},"branchMap":{"1":{"line":39,"type":"binary-expr","locations":[{"start":{"line":39,"column":23},"end":{"line":39,"column":62}},{"start":{"line":40,"column":20},"end":{"line":40,"column":70}},{"start":{"line":41,"column":20},"end":{"line":41,"column":71}},{"start":{"line":42,"column":20},"end":{"line":42,"column":29}}]},"2":{"line":44,"type":"binary-expr","locations":[{"start":{"line":44,"column":23},"end":{"line":44,"column":37}},{"start":{"line":45,"column":20},"end":{"line":45,"column":61}},{"start":{"line":46,"column":20},"end":{"line":46,"column":70}},{"start":{"line":47,"column":20},"end":{"line":47,"column":26}}]},"3":{"line":51,"type":"cond-expr","locations":[{"start":{"line":52,"column":14},"end":{"line":52,"column":20}},{"start":{"line":53,"column":14},"end":{"line":53,"column":20}}]},"4":{"line":55,"type":"binary-expr","locations":[{"start":{"line":55,"column":16},"end":{"line":55,"column":44}},{"start":{"line":55,"column":49},"end":{"line":57,"column":43}}]},"5":{"line":55,"type":"cond-expr","locations":[{"start":{"line":56,"column":14},"end":{"line":56,"column":61}},{"start":{"line":57,"column":14},"end":{"line":57,"column":43}}]},"6":{"line":61,"type":"switch","locations":[{"start":{"line":68,"column":4},"end":{"line":150,"column":14},"skip":true},{"start":{"line":156,"column":4},"end":{"line":324,"column":14},"skip":true}]},"7":{"line":70,"type":"if","locations":[{"start":{"line":70,"column":12},"end":{"line":70,"column":12},"skip":true},{"start":{"line":70,"column":12},"end":{"line":70,"column":12},"skip":true}]},"8":{"line":70,"type":"binary-expr","locations":[{"start":{"line":70,"column":16},"end":{"line":70,"column":22},"skip":true},{"start":{"line":70,"column":27},"end":{"line":70,"column":32},"skip":true},{"start":{"line":71,"column":20},"end":{"line":71,"column":39},"skip":true},{"start":{"line":72,"column":20},"end":{"line":72,"column":49},"skip":true},{"start":{"line":73,"column":20},"end":{"line":73,"column":58},"skip":true},{"start":{"line":74,"column":20},"end":{"line":74,"column":69},"skip":true}]},"9":{"line":79,"type":"switch","locations":[{"start":{"line":80,"column":20},"end":{"line":80,"column":33},"skip":true},{"start":{"line":81,"column":20},"end":{"line":83,"column":30},"skip":true},{"start":{"line":84,"column":20},"end":{"line":85,"column":49},"skip":true}]},"10":{"line":89,"type":"switch","locations":[{"start":{"line":90,"column":12},"end":{"line":103,"column":22},"skip":true},{"start":{"line":105,"column":12},"end":{"line":106,"column":22},"skip":true}]},"11":{"line":89,"type":"binary-expr","locations":[{"start":{"line":89,"column":20},"end":{"line":89,"column":25},"skip":true},{"start":{"line":89,"column":29},"end":{"line":89,"column":48},"skip":true},{"start":{"line":89,"column":52},"end":{"line":89,"column":74},"skip":true}]},"12":{"line":92,"type":"if","locations":[{"start":{"line":92,"column":16},"end":{"line":92,"column":16},"skip":true},{"start":{"line":92,"column":16},"end":{"line":92,"column":16},"skip":true}]},"13":{"line":108,"type":"if","locations":[{"start":{"line":108,"column":12},"end":{"line":108,"column":12},"skip":true},{"start":{"line":108,"column":12},"end":{"line":108,"column":12},"skip":true}]},"14":{"line":108,"type":"binary-expr","locations":[{"start":{"line":108,"column":16},"end":{"line":108,"column":61},"skip":true},{"start":{"line":108,"column":66},"end":{"line":108,"column":72},"skip":true},{"start":{"line":108,"column":77},"end":{"line":108,"column":82},"skip":true},{"start":{"line":109,"column":20},"end":{"line":109,"column":39},"skip":true},{"start":{"line":110,"column":20},"end":{"line":110,"column":49},"skip":true},{"start":{"line":111,"column":20},"end":{"line":111,"column":58},"skip":true},{"start":{"line":112,"column":20},"end":{"line":112,"column":68},"skip":true}]},"15":{"line":129,"type":"if","locations":[{"start":{"line":129,"column":16},"end":{"line":129,"column":16},"skip":true},{"start":{"line":129,"column":16},"end":{"line":129,"column":16},"skip":true}]},"16":{"line":134,"type":"cond-expr","locations":[{"start":{"line":135,"column":26},"end":{"line":135,"column":29},"skip":true},{"start":{"line":136,"column":26},"end":{"line":136,"column":54},"skip":true}]},"17":{"line":164,"type":"binary-expr","locations":[{"start":{"line":164,"column":27},"end":{"line":164,"column":43},"skip":true},{"start":{"line":164,"column":47},"end":{"line":164,"column":49},"skip":true}]},"18":{"line":258,"type":"if","locations":[{"start":{"line":258,"column":8},"end":{"line":258,"column":8},"skip":true},{"start":{"line":258,"column":8},"end":{"line":258,"column":8},"skip":true}]},"19":{"line":275,"type":"switch","locations":[{"start":{"line":276,"column":20},"end":{"line":277,"column":64},"skip":true},{"start":{"line":278,"column":20},"end":{"line":279,"column":40},"skip":true},{"start":{"line":280,"column":20},"end":{"line":281,"column":40},"skip":true},{"start":{"line":282,"column":20},"end":{"line":283,"column":39},"skip":true}]},"20":{"line":288,"type":"if","locations":[{"start":{"line":288,"column":8},"end":{"line":288,"column":8},"skip":true},{"start":{"line":288,"column":8},"end":{"line":288,"column":8},"skip":true}]},"21":{"line":288,"type":"binary-expr","locations":[{"start":{"line":288,"column":12},"end":{"line":288,"column":40},"skip":true},{"start":{"line":288,"column":44},"end":{"line":288,"column":67},"skip":true}]},"22":{"line":292,"type":"binary-expr","locations":[{"start":{"line":292,"column":12},"end":{"line":292,"column":50},"skip":true},{"start":{"line":293,"column":12},"end":{"line":293,"column":53},"skip":true}]},"23":{"line":297,"type":"binary-expr","locations":[{"start":{"line":297,"column":12},"end":{"line":297,"column":75},"skip":true},{"start":{"line":298,"column":12},"end":{"line":301,"column":36},"skip":true}]},"24":{"line":303,"type":"binary-expr","locations":[{"start":{"line":303,"column":43},"end":{"line":303,"column":75},"skip":true},{"start":{"line":303,"column":79},"end":{"line":303,"column":81},"skip":true}]},"25":{"line":306,"type":"if","locations":[{"start":{"line":306,"column":8},"end":{"line":306,"column":8},"skip":true},{"start":{"line":306,"column":8},"end":{"line":306,"column":8},"skip":true}]},"26":{"line":310,"type":"if","locations":[{"start":{"line":310,"column":8},"end":{"line":310,"column":8},"skip":true},{"start":{"line":310,"column":8},"end":{"line":310,"column":8},"skip":true}]},"27":{"line":313,"type":"binary-expr","locations":[{"start":{"line":313,"column":27},"end":{"line":313,"column":43},"skip":true},{"start":{"line":313,"column":47},"end":{"line":313,"column":53},"skip":true}]},"28":{"line":317,"type":"if","locations":[{"start":{"line":317,"column":12},"end":{"line":317,"column":12},"skip":true},{"start":{"line":317,"column":12},"end":{"line":317,"column":12},"skip":true}]}},"code":["/*","example.js","","quickstart example","","instruction","    1. save this script as example.js","    2. run the shell command:","        $ npm install npmtest-webpack-validator && PORT=8081 node example.js","    3. play with the browser-demo on http://127.0.0.1:8081","*/","","","","/* istanbul instrument in package npmtest_webpack_validator */","/*jslint","    bitwise: true,","    browser: true,","    maxerr: 8,","    maxlen: 96,","    node: true,","    nomen: true,","    regexp: true,","    stupid: true","*/","(function () {","    'use strict';","    var local;","","","","    // run shared js-env code - pre-init","    (function () {","        // init local","        local = {};","        // init modeJs","        local.modeJs = (function () {","            try {","                return typeof navigator.userAgent === 'string' &&","                    typeof document.querySelector('body') === 'object' &&","                    typeof XMLHttpRequest.prototype.open === 'function' &&","                    'browser';","            } catch (errorCaughtBrowser) {","                return module.exports &&","                    typeof process.versions.node === 'string' &&","                    typeof require('http').createServer === 'function' &&","                    'node';","            }","        }());","        // init global","        local.global = local.modeJs === 'browser'","            ? window","            : global;","        // init utility2_rollup","        local = local.global.utility2_rollup || (local.modeJs === 'browser'","            ? local.global.utility2_npmtest_webpack_validator","            : global.utility2_moduleExports);","        // export local","        local.global.local = local;","    }());","    switch (local.modeJs) {","","","","    // post-init","    // run browser js-env code - post-init","    /* istanbul ignore next */","    case 'browser':","        local.testRunBrowser = function (event) {","            if (!event || (event &&","                    event.currentTarget &&","                    event.currentTarget.className &&","                    event.currentTarget.className.includes &&","                    event.currentTarget.className.includes('onreset'))) {","                // reset output","                Array.from(","                    document.querySelectorAll('body > .resettable')","                ).forEach(function (element) {","                    switch (element.tagName) {","                    case 'INPUT':","                    case 'TEXTAREA':","                        element.value = '';","                        break;","                    default:","                        element.textContent = '';","                    }","                });","            }","            switch (event && event.currentTarget && event.currentTarget.id) {","            case 'testRunButton1':","                // show tests","                if (document.querySelector('#testReportDiv1').style.display === 'none') {","                    document.querySelector('#testReportDiv1').style.display = 'block';","                    document.querySelector('#testRunButton1').textContent =","                        'hide internal test';","                    local.modeTest = true;","                    local.testRunDefault(local);","                // hide tests","                } else {","                    document.querySelector('#testReportDiv1').style.display = 'none';","                    document.querySelector('#testRunButton1').textContent = 'run internal test';","                }","                break;","            // custom-case","            default:","                break;","            }","            if (document.querySelector('#inputTextareaEval1') && (!event || (event &&","                    event.currentTarget &&","                    event.currentTarget.className &&","                    event.currentTarget.className.includes &&","                    event.currentTarget.className.includes('oneval')))) {","                // try to eval input-code","                try {","                    /*jslint evil: true*/","                    eval(document.querySelector('#inputTextareaEval1').value);","                } catch (errorCaught) {","                    console.error(errorCaught);","                }","            }","        };","        // log stderr and stdout to #outputTextareaStdout1","        ['error', 'log'].forEach(function (key) {","            console[key + '_original'] = console[key];","            console[key] = function () {","                var element;","                console[key + '_original'].apply(console, arguments);","                element = document.querySelector('#outputTextareaStdout1');","                if (!element) {","                    return;","                }","                // append text to #outputTextareaStdout1","                element.value += Array.from(arguments).map(function (arg) {","                    return typeof arg === 'string'","                        ? arg","                        : JSON.stringify(arg, null, 4);","                }).join(' ') + '\\n';","                // scroll textarea to bottom","                element.scrollTop = element.scrollHeight;","            };","        });","        // init event-handling","        ['change', 'click', 'keyup'].forEach(function (event) {","            Array.from(document.querySelectorAll('.on' + event)).forEach(function (element) {","                element.addEventListener(event, local.testRunBrowser);","            });","        });","        // run tests","        local.testRunBrowser();","        break;","","","","    // run node js-env code - post-init","    /* istanbul ignore next */","    case 'node':","        // export local","        module.exports = local;","        // require modules","        local.fs = require('fs');","        local.http = require('http');","        local.url = require('url');","        // init assets","        local.assetsDict = local.assetsDict || {};","        /* jslint-ignore-begin */","        local.assetsDict['/assets.index.template.html'] = '\\","<!doctype html>\\n\\","<html lang=\"en\">\\n\\","<head>\\n\\","<meta charset=\"UTF-8\">\\n\\","<meta name=\"viewport\" content=\"width=device-width, initial-scale=1\">\\n\\","<title>{{env.npm_package_name}} (v{{env.npm_package_version}})</title>\\n\\","<style>\\n\\","/*csslint\\n\\","    box-sizing: false,\\n\\","    universal-selector: false\\n\\","*/\\n\\","* {\\n\\","    box-sizing: border-box;\\n\\","}\\n\\","body {\\n\\","    background: #dde;\\n\\","    font-family: Arial, Helvetica, sans-serif;\\n\\","    margin: 2rem;\\n\\","}\\n\\","body > * {\\n\\","    margin-bottom: 1rem;\\n\\","}\\n\\",".utility2FooterDiv {\\n\\","    margin-top: 20px;\\n\\","    text-align: center;\\n\\","}\\n\\","</style>\\n\\","<style>\\n\\","/*csslint\\n\\","*/\\n\\","textarea {\\n\\","    font-family: monospace;\\n\\","    height: 10rem;\\n\\","    width: 100%;\\n\\","}\\n\\","textarea[readonly] {\\n\\","    background: #ddd;\\n\\","}\\n\\","</style>\\n\\","</head>\\n\\","<body>\\n\\","<!-- utility2-comment\\n\\","<div id=\"ajaxProgressDiv1\" style=\"background: #d00; height: 2px; left: 0; margin: 0; padding: 0; position: fixed; top: 0; transition: background 0.5s, width 1.5s; width: 25%;\"></div>\\n\\","utility2-comment -->\\n\\","<h1>\\n\\","<!-- utility2-comment\\n\\","    <a\\n\\","        {{#if env.npm_package_homepage}}\\n\\","        href=\"{{env.npm_package_homepage}}\"\\n\\","        {{/if env.npm_package_homepage}}\\n\\","        target=\"_blank\"\\n\\","    >\\n\\","utility2-comment -->\\n\\","        {{env.npm_package_name}} (v{{env.npm_package_version}})\\n\\","<!-- utility2-comment\\n\\","    </a>\\n\\","utility2-comment -->\\n\\","</h1>\\n\\","<h3>{{env.npm_package_description}}</h3>\\n\\","<!-- utility2-comment\\n\\","<h4><a download href=\"assets.app.js\">download standalone app</a></h4>\\n\\","<button class=\"onclick onreset\" id=\"testRunButton1\">run internal test</button><br>\\n\\","<div id=\"testReportDiv1\" style=\"display: none;\"></div>\\n\\","utility2-comment -->\\n\\","\\n\\","\\n\\","\\n\\","<label>stderr and stdout</label>\\n\\","<textarea class=\"resettable\" id=\"outputTextareaStdout1\" readonly></textarea>\\n\\","<!-- utility2-comment\\n\\","{{#if isRollup}}\\n\\","<script src=\"assets.app.js\"></script>\\n\\","{{#unless isRollup}}\\n\\","utility2-comment -->\\n\\","<script src=\"assets.utility2.rollup.js\"></script>\\n\\","<script src=\"jsonp.utility2._stateInit?callback=window.utility2._stateInit\"></script>\\n\\","<script src=\"assets.npmtest_webpack_validator.rollup.js\"></script>\\n\\","<script src=\"assets.example.js\"></script>\\n\\","<script src=\"assets.test.js\"></script>\\n\\","<!-- utility2-comment\\n\\","{{/if isRollup}}\\n\\","utility2-comment -->\\n\\","<div class=\"utility2FooterDiv\">\\n\\","    [ this app was created with\\n\\","    <a href=\"https://github.com/kaizhu256/node-utility2\" target=\"_blank\">utility2</a>\\n\\","    ]\\n\\","</div>\\n\\","</body>\\n\\","</html>\\n\\","';","        /* jslint-ignore-end */","        if (local.templateRender) {","            local.assetsDict['/'] = local.templateRender(","                local.assetsDict['/assets.index.template.html'],","                {","                    env: local.objectSetDefault(local.env, {","                        npm_package_description: 'the greatest app in the world!',","                        npm_package_name: 'my-app',","                        npm_package_nameAlias: 'my_app',","                        npm_package_version: '0.0.1'","                    })","                }","            );","        } else {","            local.assetsDict['/'] = local.assetsDict['/assets.index.template.html']","                .replace((/\\{\\{env\\.(\\w+?)\\}\\}/g), function (match0, match1) {","                    // jslint-hack","                    String(match0);","                    switch (match1) {","                    case 'npm_package_description':","                        return 'the greatest app in the world!';","                    case 'npm_package_name':","                        return 'my-app';","                    case 'npm_package_nameAlias':","                        return 'my_app';","                    case 'npm_package_version':","                        return '0.0.1';","                    }","                });","        }","        // run the cli","        if (local.global.utility2_rollup || module !== require.main) {","            break;","        }","        local.assetsDict['/assets.example.js'] =","            local.assetsDict['/assets.example.js'] ||","            local.fs.readFileSync(__filename, 'utf8');","        // bug-workaround - long $npm_package_buildCustomOrg","        /* jslint-ignore-begin */","        local.assetsDict['/assets.npmtest_webpack_validator.rollup.js'] =","            local.assetsDict['/assets.npmtest_webpack_validator.rollup.js'] ||","            local.fs.readFileSync(","                local.npmtest_webpack_validator.__dirname + '/lib.npmtest_webpack_validator.js',","                'utf8'","            ).replace((/^#!/), '//');","        /* jslint-ignore-end */","        local.assetsDict['/favicon.ico'] = local.assetsDict['/favicon.ico'] || '';","        // if $npm_config_timeout_exit exists,","        // then exit this process after $npm_config_timeout_exit ms","        if (Number(process.env.npm_config_timeout_exit)) {","            setTimeout(process.exit, Number(process.env.npm_config_timeout_exit));","        }","        // start server","        if (local.global.utility2_serverHttp1) {","            break;","        }","        process.env.PORT = process.env.PORT || '8081';","        console.error('server starting on port ' + process.env.PORT);","        local.http.createServer(function (request, response) {","            request.urlParsed = local.url.parse(request.url);","            if (local.assetsDict[request.urlParsed.pathname] !== undefined) {","                response.end(local.assetsDict[request.urlParsed.pathname]);","                return;","            }","            response.statusCode = 404;","            response.end();","        }).listen(process.env.PORT);","        break;","    }","}());",""],"l":{"26":2,"28":2,"33":2,"35":2,"37":2,"38":2,"39":2,"44":1,"51":2,"55":2,"59":2,"61":2,"69":1,"70":2,"76":2,"79":2,"82":2,"83":2,"85":1,"89":2,"92":1,"93":1,"94":1,"96":1,"97":1,"100":1,"101":1,"103":1,"106":1,"108":2,"114":1,"116":1,"118":1,"123":1,"124":2,"125":2,"126":3,"127":3,"128":3,"129":3,"130":1,"133":3,"134":3,"139":3,"143":1,"144":3,"145":1,"149":1,"150":1,"158":1,"160":1,"161":1,"162":1,"164":1,"166":1,"258":1,"259":1,"271":1,"274":6,"275":6,"277":1,"279":2,"281":1,"283":2,"288":1,"289":1,"291":1,"296":1,"303":1,"306":1,"307":1,"310":1,"311":1,"313":1,"314":1,"315":1,"316":1,"317":1,"318":1,"319":1,"321":1,"322":1,"324":1}},"/home/travis/build/npmtest/node-npmtest-webpack-validator/node_modules/webpack-validator/dist/index.js":{"path":"/home/travis/build/npmtest/node-npmtest-webpack-validator/node_modules/webpack-validator/dist/index.js","s":{"1":1,"2":1,"3":1,"4":1,"5":1,"6":1,"7":1,"8":1,"9":1,"10":1,"11":1,"12":1,"13":1,"14":1,"15":1,"16":1,"17":1,"18":1,"19":1,"20":1,"21":1,"22":1,"23":1,"24":1,"25":1,"26":1,"27":1,"28":1,"29":1,"30":1,"31":1,"32":1,"33":1,"34":1,"35":1,"36":1,"37":1,"38":1,"39":18,"40":1,"41":1,"42":1,"43":0,"44":0,"45":0,"46":0,"47":1,"48":0,"49":0,"50":0,"51":0,"52":0,"53":0,"54":0,"55":0,"56":1,"57":0,"58":0,"59":0,"60":0,"61":0,"62":0,"63":0,"64":0,"65":0,"66":0,"67":0,"68":0,"69":0,"70":1,"71":1,"72":0,"73":0,"74":0,"75":0,"76":0,"77":0,"78":0,"79":0,"80":0,"81":0,"82":0,"83":1,"84":1},"b":{"1":[12,6],"2":[18,18],"3":[0,0],"4":[0,0],"5":[0,0],"6":[0,0],"7":[0,0],"8":[0,0],"9":[0,0],"10":[0,0],"11":[0,0],"12":[0,0],"13":[0,0],"14":[0,0]},"f":{"1":18,"2":0,"3":0,"4":0,"5":0,"6":0},"fnMap":{"1":{"name":"_interopRequireDefault","line":77,"loc":{"start":{"line":77,"column":0},"end":{"line":77,"column":37}}},"2":{"name":"makeSchema","line":89,"loc":{"start":{"line":89,"column":0},"end":{"line":89,"column":52}}},"3":{"name":"throwForWebpack2","line":132,"loc":{"start":{"line":132,"column":0},"end":{"line":132,"column":28}}},"4":{"name":"validate","line":150,"loc":{"start":{"line":150,"column":0},"end":{"line":150,"column":26}}},"5":{"name":"validateRoot","line":179,"loc":{"start":{"line":179,"column":0},"end":{"line":179,"column":30}}},"6":{"name":"(anonymous_6)","line":189,"loc":{"start":{"line":189,"column":19},"end":{"line":189,"column":34}}}},"statementMap":{"1":{"start":{"line":3,"column":0},"end":{"line":3,"column":28}},"2":{"start":{"line":5,"column":0},"end":{"line":5,"column":43}},"3":{"start":{"line":7,"column":0},"end":{"line":7,"column":26}},"4":{"start":{"line":9,"column":0},"end":{"line":9,"column":41}},"5":{"start":{"line":11,"column":0},"end":{"line":11,"column":30}},"6":{"start":{"line":13,"column":0},"end":{"line":13,"column":45}},"7":{"start":{"line":15,"column":0},"end":{"line":15,"column":45}},"8":{"start":{"line":17,"column":0},"end":{"line":17,"column":47}},"9":{"start":{"line":19,"column":0},"end":{"line":19,"column":43}},"10":{"start":{"line":21,"column":0},"end":{"line":21,"column":45}},"11":{"start":{"line":23,"column":0},"end":{"line":23,"column":47}},"12":{"start":{"line":25,"column":0},"end":{"line":25,"column":49}},"13":{"start":{"line":27,"column":0},"end":{"line":27,"column":47}},"14":{"start":{"line":29,"column":0},"end":{"line":29,"column":49}},"15":{"start":{"line":31,"column":0},"end":{"line":31,"column":51}},"16":{"start":{"line":33,"column":0},"end":{"line":33,"column":53}},"17":{"start":{"line":35,"column":0},"end":{"line":35,"column":41}},"18":{"start":{"line":37,"column":0},"end":{"line":37,"column":43}},"19":{"start":{"line":39,"column":0},"end":{"line":39,"column":47}},"20":{"start":{"line":41,"column":0},"end":{"line":41,"column":49}},"21":{"start":{"line":43,"column":0},"end":{"line":43,"column":47}},"22":{"start":{"line":45,"column":0},"end":{"line":45,"column":49}},"23":{"start":{"line":47,"column":0},"end":{"line":47,"column":45}},"24":{"start":{"line":49,"column":0},"end":{"line":49,"column":47}},"25":{"start":{"line":51,"column":0},"end":{"line":51,"column":57}},"26":{"start":{"line":53,"column":0},"end":{"line":53,"column":59}},"27":{"start":{"line":55,"column":0},"end":{"line":55,"column":51}},"28":{"start":{"line":57,"column":0},"end":{"line":57,"column":53}},"29":{"start":{"line":59,"column":0},"end":{"line":59,"column":55}},"30":{"start":{"line":61,"column":0},"end":{"line":61,"column":57}},"31":{"start":{"line":63,"column":0},"end":{"line":63,"column":32}},"32":{"start":{"line":65,"column":0},"end":{"line":65,"column":38}},"33":{"start":{"line":67,"column":0},"end":{"line":67,"column":46}},"34":{"start":{"line":69,"column":0},"end":{"line":69,"column":34}},"35":{"start":{"line":71,"column":0},"end":{"line":71,"column":49}},"36":{"start":{"line":73,"column":0},"end":{"line":73,"column":32}},"37":{"start":{"line":75,"column":0},"end":{"line":75,"column":47}},"38":{"start":{"line":77,"column":0},"end":{"line":77,"column":95}},"39":{"start":{"line":77,"column":39},"end":{"line":77,"column":93}},"40":{"start":{"line":79,"column":0},"end":{"line":79,"column":39}},"41":{"start":{"line":81,"column":0},"end":{"line":87,"column":2}},"42":{"start":{"line":89,"column":0},"end":{"line":130,"column":1}},"43":{"start":{"line":90,"column":2},"end":{"line":90,"column":60}},"44":{"start":{"line":91,"column":2},"end":{"line":91,"column":58}},"45":{"start":{"line":93,"column":2},"end":{"line":128,"column":5}},"46":{"start":{"line":129,"column":2},"end":{"line":129,"column":67}},"47":{"start":{"line":132,"column":0},"end":{"line":148,"column":1}},"48":{"start":{"line":133,"column":2},"end":{"line":133,"column":26}},"49":{"start":{"line":134,"column":2},"end":{"line":134,"column":24}},"50":{"start":{"line":135,"column":2},"end":{"line":144,"column":3}},"51":{"start":{"line":136,"column":4},"end":{"line":136,"column":97}},"52":{"start":{"line":138,"column":4},"end":{"line":139,"column":35}},"53":{"start":{"line":141,"column":4},"end":{"line":141,"column":61}},"54":{"start":{"line":145,"column":2},"end":{"line":147,"column":3}},"55":{"start":{"line":146,"column":4},"end":{"line":146,"column":295}},"56":{"start":{"line":150,"column":0},"end":{"line":174,"column":1}},"57":{"start":{"line":151,"column":2},"end":{"line":151,"column":87}},"58":{"start":{"line":152,"column":2},"end":{"line":155,"column":28}},"59":{"start":{"line":157,"column":2},"end":{"line":157,"column":21}},"60":{"start":{"line":159,"column":2},"end":{"line":159,"column":83}},"61":{"start":{"line":161,"column":2},"end":{"line":161,"column":76}},"62":{"start":{"line":163,"column":2},"end":{"line":163,"column":87}},"63":{"start":{"line":164,"column":2},"end":{"line":164,"column":49}},"64":{"start":{"line":166,"column":2},"end":{"line":166,"column":48}},"65":{"start":{"line":166,"column":24},"end":{"line":166,"column":48}},"66":{"start":{"line":168,"column":2},"end":{"line":171,"column":3}},"67":{"start":{"line":169,"column":4},"end":{"line":169,"column":53}},"68":{"start":{"line":170,"column":4},"end":{"line":170,"column":20}},"69":{"start":{"line":173,"column":2},"end":{"line":173,"column":16}},"70":{"start":{"line":176,"column":0},"end":{"line":176,"column":26}},"71":{"start":{"line":179,"column":0},"end":{"line":201,"column":1}},"72":{"start":{"line":180,"column":2},"end":{"line":180,"column":87}},"73":{"start":{"line":181,"column":2},"end":{"line":181,"column":28}},"74":{"start":{"line":184,"column":2},"end":{"line":185,"column":38}},"75":{"start":{"line":187,"column":2},"end":{"line":194,"column":3}},"76":{"start":{"line":188,"column":4},"end":{"line":188,"column":32}},"77":{"start":{"line":189,"column":4},"end":{"line":191,"column":7}},"78":{"start":{"line":190,"column":6},"end":{"line":190,"column":58}},"79":{"start":{"line":193,"column":4},"end":{"line":193,"column":49}},"80":{"start":{"line":196,"column":2},"end":{"line":198,"column":3}},"81":{"start":{"line":197,"column":4},"end":{"line":197,"column":80}},"82":{"start":{"line":200,"column":2},"end":{"line":200,"column":52}},"83":{"start":{"line":203,"column":0},"end":{"line":203,"column":43}},"84":{"start":{"line":204,"column":0},"end":{"line":204,"column":35}}},"branchMap":{"1":{"line":77,"type":"cond-expr","locations":[{"start":{"line":77,"column":70},"end":{"line":77,"column":73}},{"start":{"line":77,"column":76},"end":{"line":77,"column":92}}]},"2":{"line":77,"type":"binary-expr","locations":[{"start":{"line":77,"column":46},"end":{"line":77,"column":49}},{"start":{"line":77,"column":53},"end":{"line":77,"column":67}}]},"3":{"line":129,"type":"cond-expr","locations":[{"start":{"line":129,"column":27},"end":{"line":129,"column":57}},{"start":{"line":129,"column":60},"end":{"line":129,"column":66}}]},"4":{"line":145,"type":"if","locations":[{"start":{"line":145,"column":2},"end":{"line":145,"column":2}},{"start":{"line":145,"column":2},"end":{"line":145,"column":2}}]},"5":{"line":151,"type":"cond-expr","locations":[{"start":{"line":151,"column":69},"end":{"line":151,"column":81}},{"start":{"line":151,"column":84},"end":{"line":151,"column":86}}]},"6":{"line":151,"type":"binary-expr","locations":[{"start":{"line":151,"column":16},"end":{"line":151,"column":36}},{"start":{"line":151,"column":40},"end":{"line":151,"column":66}}]},"7":{"line":161,"type":"binary-expr","locations":[{"start":{"line":161,"column":15},"end":{"line":161,"column":29}},{"start":{"line":161,"column":33},"end":{"line":161,"column":75}}]},"8":{"line":166,"type":"if","locations":[{"start":{"line":166,"column":2},"end":{"line":166,"column":2}},{"start":{"line":166,"column":2},"end":{"line":166,"column":2}}]},"9":{"line":168,"type":"if","locations":[{"start":{"line":168,"column":2},"end":{"line":168,"column":2}},{"start":{"line":168,"column":2},"end":{"line":168,"column":2}}]},"10":{"line":180,"type":"cond-expr","locations":[{"start":{"line":180,"column":69},"end":{"line":180,"column":81}},{"start":{"line":180,"column":84},"end":{"line":180,"column":86}}]},"11":{"line":180,"type":"binary-expr","locations":[{"start":{"line":180,"column":16},"end":{"line":180,"column":36}},{"start":{"line":180,"column":40},"end":{"line":180,"column":66}}]},"12":{"line":187,"type":"if","locations":[{"start":{"line":187,"column":2},"end":{"line":187,"column":2}},{"start":{"line":187,"column":2},"end":{"line":187,"column":2}}]},"13":{"line":196,"type":"if","locations":[{"start":{"line":196,"column":2},"end":{"line":196,"column":2}},{"start":{"line":196,"column":2},"end":{"line":196,"column":2}}]},"14":{"line":200,"type":"binary-expr","locations":[{"start":{"line":200,"column":9},"end":{"line":200,"column":25}},{"start":{"line":200,"column":29},"end":{"line":200,"column":51}}]}},"code":["'use strict';","","var _path = require('path');","","var _path2 = _interopRequireDefault(_path);","","var _joi = require('joi');","","var _joi2 = _interopRequireDefault(_joi);","","var _chalk = require('chalk');","","var _chalk2 = _interopRequireDefault(_chalk);","","var _module = require('./properties/module');","","var _module2 = _interopRequireDefault(_module);","","var _entry = require('./properties/entry');","","var _entry2 = _interopRequireDefault(_entry);","","var _context = require('./properties/context');","","var _context2 = _interopRequireDefault(_context);","","var _devtool = require('./properties/devtool');","","var _devtool2 = _interopRequireDefault(_devtool);","","var _externals = require('./properties/externals');","","var _externals2 = _interopRequireDefault(_externals);","","var _node = require('./properties/node');","","var _node2 = _interopRequireDefault(_node);","","var _plugins = require('./properties/plugins');","","var _plugins2 = _interopRequireDefault(_plugins);","","var _resolve = require('./properties/resolve');","","var _resolve2 = _interopRequireDefault(_resolve);","","var _output = require('./properties/output');","","var _output2 = _interopRequireDefault(_output);","","var _watchOptions = require('./properties/watchOptions');","","var _watchOptions2 = _interopRequireDefault(_watchOptions);","","var _devServer = require('./properties/devServer');","","var _devServer2 = _interopRequireDefault(_devServer);","","var _performance = require('./properties/performance');","","var _performance2 = _interopRequireDefault(_performance);","","var _types = require('./types');","","var _merge2 = require('lodash/merge');","","var _merge3 = _interopRequireDefault(_merge2);","","var _shelljs = require('shelljs');","","var _shelljs2 = _interopRequireDefault(_shelljs);","","var _semver = require('semver');","","var _semver2 = _interopRequireDefault(_semver);","","function _interopRequireDefault(obj) { return obj && obj.__esModule ? obj : { default: obj }; }","","_shelljs2.default.config.silent = true;","","var defaultSchemaOptions = {","  rules: {","    'no-root-files-node-modules-nameclash': true,","    'loader-enforce-include-or-exclude': false,","    'loader-prefer-include': false","  }","};","","function makeSchema(schemaOptions, schemaExtension) {","  var resolveSchema = (0, _resolve2.default)(schemaOptions);","  var moduleSchema = (0, _module2.default)(schemaOptions);","","  var schema = _joi2.default.object({","    amd: _joi2.default.object(),","    bail: _joi2.default.boolean(),","    cache: _joi2.default.boolean(),","    context: _context2.default,","    debug: _joi2.default.boolean(),","    devServer: _devServer2.default,","    devtool: _devtool2.default,","    entry: _entry2.default,","    externals: _externals2.default,","    loader: _joi2.default.any(), // ?","    module: moduleSchema,","    node: _node2.default,","    output: _output2.default,","    plugins: _plugins2.default,","    profile: _joi2.default.boolean(),","    progress: _joi2.default.boolean(),","    recordsInputPath: _types.looksLikeAbsolutePath,","    recordsOutputPath: _types.looksLikeAbsolutePath,","    recordsPath: _types.looksLikeAbsolutePath,","    resolve: resolveSchema,","    resolveLoader: resolveSchema.concat(_joi2.default.object({","      moduleTemplates: _joi2.default.array().items(_joi2.default.string())","    })),","    watch: _joi2.default.boolean(),","    watchOptions: _watchOptions2.default,","    performance: _performance2.default,","    stats: _joi2.default.any(), // TODO","    target: _joi2.default.any(), // TODO","","    // Plugins","    postcss: _joi2.default.any(),","    eslint: _joi2.default.any(),","    tslint: _joi2.default.any(),","    metadata: _joi2.default.any()","  });","  return schemaExtension ? schema.concat(schemaExtension) : schema;","}","","function throwForWebpack2() {","  var cwd = process.cwd();","  var satisifies = true;","  try {","    var webpackPackagePath = _path2.default.join(cwd, 'node_modules', 'webpack', 'package.json');","","    var _require = require(webpackPackagePath),","        version = _require.version;","","    satisifies = _semver2.default.satisfies(version, '^1.x');","  } catch (error) {","    // ignore...","  }","  if (!satisifies) {","    throw new Error('It looks like you\\'re using version 2 or greater of webpack. ' + 'The official release of 2 of webpack was released with built-in validation. ' + 'So webpack-validator does not support that version. ' + 'Please uninstall webpack-validator and remove it from your project!');","  }","}","","function validate(config) {","  var options = arguments.length > 1 && arguments[1] !== undefined ? arguments[1] : {};","  var returnValidation = options.returnValidation,","      overrideSchema = options.schema,","      schemaExtension = options.schemaExtension,","      rules = options.rules;","","  throwForWebpack2();","","  var schemaOptions = (0, _merge3.default)(defaultSchemaOptions, { rules: rules });","","  var schema = overrideSchema || makeSchema(schemaOptions, schemaExtension);","","  var validationResult = _joi2.default.validate(config, schema, { abortEarly: false });","  validationResult.schemaOptions = schemaOptions; // Mainly for having sth to assert on right now","","  if (returnValidation) return validationResult;","","  if (validationResult.error) {","    console.error(validationResult.error.annotate());","    process.exit(1);","  }","","  return config;","}","","module.exports = validate;","","// Easier consumability for require (default use case for non-transpiled webpack configs)","function validateRoot(config) {","  var options = arguments.length > 1 && arguments[1] !== undefined ? arguments[1] : {};","  var quiet = options.quiet;","","","  var validationResult = void 0,","      multiValidationResults = void 0;","","  if (Array.isArray(config)) {","    multiValidationResults = [];","    config.forEach(function (cfg) {","      multiValidationResults.push(validate(cfg, options));","    });","  } else {","    validationResult = validate(config, options);","  }","","  if (!quiet) {","    console.info(_chalk2.default.green('[webpack-validator] Config is valid.'));","  }","","  return validationResult || multiValidationResults;","}","","module.exports.validateRoot = validateRoot;","module.exports.Joi = _joi2.default;"],"l":{"3":1,"5":1,"7":1,"9":1,"11":1,"13":1,"15":1,"17":1,"19":1,"21":1,"23":1,"25":1,"27":1,"29":1,"31":1,"33":1,"35":1,"37":1,"39":1,"41":1,"43":1,"45":1,"47":1,"49":1,"51":1,"53":1,"55":1,"57":1,"59":1,"61":1,"63":1,"65":1,"67":1,"69":1,"71":1,"73":1,"75":1,"77":18,"79":1,"81":1,"89":1,"90":0,"91":0,"93":0,"129":0,"132":1,"133":0,"134":0,"135":0,"136":0,"138":0,"141":0,"145":0,"146":0,"150":1,"151":0,"152":0,"157":0,"159":0,"161":0,"163":0,"164":0,"166":0,"168":0,"169":0,"170":0,"173":0,"176":1,"179":1,"180":0,"181":0,"184":0,"187":0,"188":0,"189":0,"190":0,"193":0,"196":0,"197":0,"200":0,"203":1,"204":1}},"/home/travis/build/npmtest/node-npmtest-webpack-validator/node_modules/webpack-validator/dist/properties/module/index.js":{"path":"/home/travis/build/npmtest/node-npmtest-webpack-validator/node_modules/webpack-validator/dist/properties/module/index.js","s":{"1":1,"2":1,"3":1,"4":1,"5":1,"6":1,"7":1,"8":1,"9":1,"10":6,"11":1,"12":1,"13":1,"14":1,"15":1,"16":1,"17":1,"18":1,"19":0,"20":0,"21":0,"22":0,"23":0,"24":0,"25":0,"26":1,"27":0,"28":0,"29":0},"b":{"1":[0,1],"2":[1,1],"3":[0,0],"4":[0,0]},"f":{"1":1,"2":6,"3":0,"4":0},"fnMap":{"1":{"name":"_interopRequireDefault","line":21,"loc":{"start":{"line":21,"column":0},"end":{"line":21,"column":37}}},"2":{"name":"_taggedTemplateLiteral","line":23,"loc":{"start":{"line":23,"column":0},"end":{"line":23,"column":46}}},"3":{"name":"loaderSchemaFn","line":39,"loc":{"start":{"line":39,"column":21},"end":{"line":39,"column":51}}},"4":{"name":"(anonymous_4)","line":81,"loc":{"start":{"line":81,"column":18},"end":{"line":81,"column":37}}}},"statementMap":{"1":{"start":{"line":3,"column":0},"end":{"line":5,"column":3}},"2":{"start":{"line":6,"column":0},"end":{"line":6,"column":70}},"3":{"start":{"line":8,"column":0},"end":{"line":13,"column":330}},"4":{"start":{"line":15,"column":0},"end":{"line":15,"column":26}},"5":{"start":{"line":17,"column":0},"end":{"line":17,"column":41}},"6":{"start":{"line":19,"column":0},"end":{"line":19,"column":41}},"7":{"start":{"line":21,"column":0},"end":{"line":21,"column":95}},"8":{"start":{"line":21,"column":39},"end":{"line":21,"column":93}},"9":{"start":{"line":23,"column":0},"end":{"line":23,"column":145}},"10":{"start":{"line":23,"column":48},"end":{"line":23,"column":143}},"11":{"start":{"line":25,"column":0},"end":{"line":25,"column":94}},"12":{"start":{"line":27,"column":0},"end":{"line":27,"column":103}},"13":{"start":{"line":29,"column":0},"end":{"line":29,"column":83}},"14":{"start":{"line":31,"column":0},"end":{"line":31,"column":73}},"15":{"start":{"line":33,"column":0},"end":{"line":33,"column":74}},"16":{"start":{"line":35,"column":0},"end":{"line":35,"column":75}},"17":{"start":{"line":37,"column":0},"end":{"line":37,"column":225}},"18":{"start":{"line":39,"column":0},"end":{"line":79,"column":2}},"19":{"start":{"line":40,"column":2},"end":{"line":40,"column":25}},"20":{"start":{"line":42,"column":2},"end":{"line":58,"column":122}},"21":{"start":{"line":60,"column":2},"end":{"line":62,"column":3}},"22":{"start":{"line":61,"column":4},"end":{"line":61,"column":139}},"23":{"start":{"line":64,"column":2},"end":{"line":76,"column":3}},"24":{"start":{"line":65,"column":4},"end":{"line":75,"column":8}},"25":{"start":{"line":78,"column":2},"end":{"line":78,"column":14}},"26":{"start":{"line":81,"column":0},"end":{"line":90,"column":2}},"27":{"start":{"line":82,"column":2},"end":{"line":82,"column":45}},"28":{"start":{"line":83,"column":2},"end":{"line":83,"column":64}},"29":{"start":{"line":84,"column":2},"end":{"line":89,"column":5}}},"branchMap":{"1":{"line":21,"type":"cond-expr","locations":[{"start":{"line":21,"column":70},"end":{"line":21,"column":73}},{"start":{"line":21,"column":76},"end":{"line":21,"column":92}}]},"2":{"line":21,"type":"binary-expr","locations":[{"start":{"line":21,"column":46},"end":{"line":21,"column":49}},{"start":{"line":21,"column":53},"end":{"line":21,"column":67}}]},"3":{"line":60,"type":"if","locations":[{"start":{"line":60,"column":2},"end":{"line":60,"column":2}},{"start":{"line":60,"column":2},"end":{"line":60,"column":2}}]},"4":{"line":64,"type":"if","locations":[{"start":{"line":64,"column":2},"end":{"line":64,"column":2}},{"start":{"line":64,"column":2},"end":{"line":64,"column":2}}]}},"code":["'use strict';","","Object.defineProperty(exports, \"__esModule\", {","  value: true","});","exports.LOADERS_QUERY_MESSAGE = exports.CONDITION_MESSAGE = undefined;","","var _templateObject = _taggedTemplateLiteral(['\\n  may be a RegExp (tested against absolute path),\\n  a string containing the absolute path, a function(absPath): bool,\\n  or an array of one of these combined with \\u201Cand\\u201D.'], ['\\n  may be a RegExp (tested against absolute path),\\n  a string containing the absolute path, a function(absPath): bool,\\n  or an array of one of these combined with \\u201Cand\\u201D.']),","    _templateObject2 = _taggedTemplateLiteral(['\\n  You can only pass the `query` property when you specify your\\n  loader with the singular `loader` property'], ['\\n  You can only pass the \\\\`query\\\\` property when you specify your\\n  loader with the singular \\\\`loader\\\\` property']),","    _templateObject3 = _taggedTemplateLiteral(['!!\\n  Please supply `include` or/and `exclude` to narrow down which\\n  files will be processed by this loader.\\n  Otherwise it\\'s too easy\\n  to process too many files, for example your `node_modules` (loader-enforce-include-or-exclude).\\n'], ['!!\\n  Please supply \\\\`include\\\\` or/and \\\\`exclude\\\\` to narrow down which\\n  files will be processed by this loader.\\n  Otherwise it\\'s too easy\\n  to process too many files, for example your \\\\`node_modules\\\\` (loader-enforce-include-or-exclude).\\n']),","    _templateObject4 = _taggedTemplateLiteral(['\\n  is required. You should use `include` to specify which files should be processed\\n  by this loader. (loader-prefer-include)\\n'], ['\\n  is required. You should use \\\\`include\\\\` to specify which files should be processed\\n  by this loader. (loader-prefer-include)\\n']),","    _templateObject5 = _taggedTemplateLiteral(['\\n  should not be used. Reason: `exclude` makes it easy to match too many files,\\n  which might inadvertently slow your build down. Use `include` instead. (loader-prefer-include)\\n'], ['\\n  should not be used. Reason: \\\\`exclude\\\\` makes it easy to match too many files,\\n  which might inadvertently slow your build down. Use \\\\`include\\\\` instead. (loader-prefer-include)\\n']),","    _templateObject6 = _taggedTemplateLiteral(['\\n  at position {{pos}} must be a String or an Object with properties:\\n  \"loader\": (String, required),\\n  \"query\": (Object, optional)\\n'], ['\\n  at position {{pos}} must be a String or an Object with properties:\\n  \"loader\": (String, required),\\n  \"query\": (Object, optional)\\n']);","","var _joi = require('joi');","","var _joi2 = _interopRequireDefault(_joi);","","var _commonTags = require('common-tags');","","function _interopRequireDefault(obj) { return obj && obj.__esModule ? obj : { default: obj }; }","","function _taggedTemplateLiteral(strings, raw) { return Object.freeze(Object.defineProperties(strings, { raw: { value: Object.freeze(raw) } })); }","","var CONDITION_MESSAGE = exports.CONDITION_MESSAGE = (0, _commonTags.oneLine)(_templateObject);","","var LOADERS_QUERY_MESSAGE = exports.LOADERS_QUERY_MESSAGE = (0, _commonTags.oneLine)(_templateObject2);","","var LOADER_INCLUDE_OR_EXCLUDE_MESSAGE = (0, _commonTags.oneLine)(_templateObject3);","","var LOADER_INCLUDE_REQUIRED = (0, _commonTags.oneLine)(_templateObject4);","","var LOADER_EXCLUDE_FORBIDDEN = (0, _commonTags.oneLine)(_templateObject5);","","var LOADER_IN_LOADERS_MESSAGE = (0, _commonTags.oneLine)(_templateObject6);","","var conditionSchema = _joi2.default.array().items([_joi2.default.string(), _joi2.default.object().type(RegExp), _joi2.default.func().arity(1)]).single().options({ language: { array: { includesSingle: CONDITION_MESSAGE } } });","","var loaderSchemaFn = function loaderSchemaFn(_ref) {","  var rules = _ref.rules;","","  var rule = _joi2.default.object({","    test: conditionSchema.required(),","    exclude: conditionSchema,","    include: conditionSchema,","    loader: _joi2.default.string(),","    query: _joi2.default.object(),","    loaders: _joi2.default.array().items(_joi2.default.string(), _joi2.default.object({","      loader: _joi2.default.string().required(),","      query: _joi2.default.object()","    })).options({","      language: {","        array: {","          includes: LOADER_IN_LOADERS_MESSAGE","        }","      }","    })","  }).xor('loaders', 'loader').nand('loaders', 'query').options({ language: { object: { nand: LOADERS_QUERY_MESSAGE } } });","","  if (rules['loader-enforce-include-or-exclude']) {","    rule = rule.or('exclude', 'include').label('loader').options({ language: { object: { missing: LOADER_INCLUDE_OR_EXCLUDE_MESSAGE } } });","  }","","  if (rules['loader-prefer-include']) {","    rule = rule.concat(_joi2.default.object({","      include: conditionSchema.required(),","      exclude: _joi2.default.any().forbidden()","    }).options({","      language: {","        any: {","          required: LOADER_INCLUDE_REQUIRED,","          unknown: LOADER_EXCLUDE_FORBIDDEN","        }","      }","    }));","  }","","  return rule;","};","","exports.default = function (options) {","  var loaderSchema = loaderSchemaFn(options);","  var loadersSchema = _joi2.default.array().items(loaderSchema);","  return _joi2.default.object({","    loaders: loadersSchema.required(),","    preLoaders: loadersSchema,","    postLoaders: loadersSchema,","    noParse: _joi2.default.array(_joi2.default.object().type(RegExp)).single()","  });","};"],"l":{"3":1,"6":1,"8":1,"15":1,"17":1,"19":1,"21":1,"23":6,"25":1,"27":1,"29":1,"31":1,"33":1,"35":1,"37":1,"39":1,"40":0,"42":0,"60":0,"61":0,"64":0,"65":0,"78":0,"81":1,"82":0,"83":0,"84":0}},"/home/travis/build/npmtest/node-npmtest-webpack-validator/node_modules/webpack-validator/dist/properties/entry/index.js":{"path":"/home/travis/build/npmtest/node-npmtest-webpack-validator/node_modules/webpack-validator/dist/properties/entry/index.js","s":{"1":1,"2":1,"3":1,"4":1,"5":1,"6":1,"7":1},"b":{"1":[0,1],"2":[1,1]},"f":{"1":1},"fnMap":{"1":{"name":"_interopRequireDefault","line":11,"loc":{"start":{"line":11,"column":0},"end":{"line":11,"column":37}}}},"statementMap":{"1":{"start":{"line":3,"column":0},"end":{"line":5,"column":3}},"2":{"start":{"line":7,"column":0},"end":{"line":7,"column":26}},"3":{"start":{"line":9,"column":0},"end":{"line":9,"column":41}},"4":{"start":{"line":11,"column":0},"end":{"line":11,"column":95}},"5":{"start":{"line":11,"column":39},"end":{"line":11,"column":93}},"6":{"start":{"line":13,"column":0},"end":{"line":13,"column":79}},"7":{"start":{"line":15,"column":0},"end":{"line":15,"column":83}}},"branchMap":{"1":{"line":11,"type":"cond-expr","locations":[{"start":{"line":11,"column":70},"end":{"line":11,"column":73}},{"start":{"line":11,"column":76},"end":{"line":11,"column":92}}]},"2":{"line":11,"type":"binary-expr","locations":[{"start":{"line":11,"column":46},"end":{"line":11,"column":49}},{"start":{"line":11,"column":53},"end":{"line":11,"column":67}}]}},"code":["'use strict';","","Object.defineProperty(exports, \"__esModule\", {","  value: true","});","","var _joi = require('joi');","","var _joi2 = _interopRequireDefault(_joi);","","function _interopRequireDefault(obj) { return obj && obj.__esModule ? obj : { default: obj }; }","","var entrySchema = _joi2.default.array().items(_joi2.default.string()).single();","","exports.default = [entrySchema, _joi2.default.object().pattern(/.+/, entrySchema)];"],"l":{"3":1,"7":1,"9":1,"11":1,"13":1,"15":1}},"/home/travis/build/npmtest/node-npmtest-webpack-validator/node_modules/webpack-validator/dist/properties/context/index.js":{"path":"/home/travis/build/npmtest/node-npmtest-webpack-validator/node_modules/webpack-validator/dist/properties/context/index.js","s":{"1":1,"2":1,"3":1},"b":{},"f":{},"fnMap":{},"statementMap":{"1":{"start":{"line":3,"column":0},"end":{"line":5,"column":3}},"2":{"start":{"line":7,"column":0},"end":{"line":7,"column":36}},"3":{"start":{"line":9,"column":0},"end":{"line":9,"column":38}}},"branchMap":{},"code":["'use strict';","","Object.defineProperty(exports, \"__esModule\", {","  value: true","});","","var _types = require('../../types');","","exports.default = _types.absolutePath;"],"l":{"3":1,"7":1,"9":1}},"/home/travis/build/npmtest/node-npmtest-webpack-validator/node_modules/webpack-validator/dist/types/index.js":{"path":"/home/travis/build/npmtest/node-npmtest-webpack-validator/node_modules/webpack-validator/dist/types/index.js","s":{"1":1,"2":1,"3":1,"4":1,"5":1,"6":1,"7":1,"8":1,"9":9,"10":1,"11":1,"12":3,"13":1,"14":13},"b":{"1":[13,0],"2":[13,13]},"f":{"1":1,"2":1,"3":9,"4":3,"5":13},"fnMap":{"1":{"name":"get","line":11,"loc":{"start":{"line":11,"column":7},"end":{"line":11,"column":22}}},"2":{"name":"get","line":17,"loc":{"start":{"line":17,"column":7},"end":{"line":17,"column":22}}},"3":{"name":"get","line":26,"loc":{"start":{"line":26,"column":7},"end":{"line":26,"column":22}}},"4":{"name":"get","line":35,"loc":{"start":{"line":35,"column":7},"end":{"line":35,"column":22}}},"5":{"name":"_interopRequireDefault","line":40,"loc":{"start":{"line":40,"column":0},"end":{"line":40,"column":37}}}},"statementMap":{"1":
[...]
sModule ? obj : { default: obj }; }"],"l":{"3":1,"7":1,"9":1,"12":0,"16":1}},"/home/travis/build/npmtest/node-npmtest-webpack-validator/node_modules/webpack-validator/dist/rules/no-root-files-node-modules-nameclash.js":{"path":"/home/travis/build/npmtest/node-npmtest-webpack-validator/node_modules/webpack-validator/dist/rules/no-root-files-node-modules-nameclash.js","s":{"1":1,"2":1,"3":1,"4":1,"5":1,"6":1,"7":1,"8":1,"9":1,"10":1,"11":1,"12":4,"13":1,"14":0,"15":0,"16":0,"17":0,"18":0,"19":1,"20":0,"21":1,"22":0,"23":0,"24":1,"25":1,"26":0,"27":0,"28":0,"29":0,"30":1,"31":0,"32":0,"33":0,"34":0,"35":0,"36":0,"37":0,"38":0,"39":0,"40":0,"41":0,"42":1},"b":{"1":[0,4],"2":[4,4],"3":[0,0],"4":[0,0],"5":[0,0],"6":[0,0],"7":[0,0]},"f":{"1":4,"2":0,"3":0,"4":0,"5":0,"6":0,"7":0},"fnMap":{"1":{"name":"_interopRequireDefault","line":25,"loc":{"start":{"line":25,"column":0},"end":{"line":25,"column":37}}},"2":{"name":"_toConsumableArray","line":27,"loc":{"start":{"line":27,"column":0},"end":{"line":27,"column":33}}},"3":{"name":"(anonymous_3)","line":30,"loc":{"start":{"line":30,"column":52},"end":{"line":30,"column":67}}},"4":{"name":"calculateIntersection","line":39,"loc":{"start":{"line":39,"column":28},"end":{"line":39,"column":71}}},"5":{"name":"(anonymous_5)","line":40,"loc":{"start":{"line":40,"column":60},"end":{"line":40,"column":73}}},"6":{"name":"(anonymous_6)","line":47,"loc":{"start":{"line":47,"column":46},"end":{"line":47,"column":61}}},"7":{"name":"validate","line":64,"loc":{"start":{"line":64,"column":14},"end":{"line":64,"column":63}}}},"statementMap":{"1":{"start":{"line":3,"column":0},"end":{"line":5,"column":3}},"2":{"start":{"line":7,"column":0},"end":{"line":7,"column":26}},"3":{"start":{"line":9,"column":0},"end":{"line":9,"column":41}},"4":{"start":{"line":11,"column":0},"end":{"line":11,"column":34}},"5":{"start":{"line":13,"column":0},"end":{"line":13,"column":42}},"6":{"start":{"line":15,"column":0},"end":{"line":15,"column":50}},"7":{"start":{"line":17,"column":0},"end":{"line":17,"column":36}},"8":{"start":{"line":19,"column":0},"end":{"line":19,"column":51}},"9":{"start":{"line":21,"column":0},"end":{"line":21,"column":52}},"10":{"start":{"line":23,"column":0},"end":{"line":23,"column":65}},"11":{"start":{"line":25,"column":0},"end":{"line":25,"column":95}},"12":{"start":{"line":25,"column":39},"end":{"line":25,"column":93}},"13":{"start":{"line":27,"column":0},"end":{"line":27,"column":195}},"14":{"start":{"line":27,"column":35},"end":{"line":27,"column":193}},"15":{"start":{"line":27,"column":61},"end":{"line":27,"column":145}},"16":{"start":{"line":27,"column":126},"end":{"line":27,"column":143}},"17":{"start":{"line":27,"column":146},"end":{"line":27,"column":158}},"18":{"start":{"line":27,"column":168},"end":{"line":27,"column":191}},"19":{"start":{"line":30,"column":0},"end":{"line":34,"column":3}},"20":{"start":{"line":33,"column":2},"end":{"line":33,"column":101},"skip":true},"21":{"start":{"line":39,"column":0},"end":{"line":43,"column":2}},"22":{"start":{"line":40,"column":2},"end":{"line":42,"column":6}},"23":{"start":{"line":41,"column":4},"end":{"line":41,"column":23}},"24":{"start":{"line":45,"column":0},"end":{"line":45,"column":64}},"25":{"start":{"line":47,"column":0},"end":{"line":53,"column":3}},"26":{"start":{"line":49,"column":2},"end":{"line":49,"column":63}},"27":{"start":{"line":50,"column":2},"end":{"line":50,"column":52}},"28":{"start":{"line":51,"column":2},"end":{"line":51,"column":79}},"29":{"start":{"line":52,"column":2},"end":{"line":52,"column":43}},"30":{"start":{"line":55,"column":0},"end":{"line":90,"column":3}},"31":{"start":{"line":67,"column":6},"end":{"line":69,"column":7}},"32":{"start":{"line":68,"column":8},"end":{"line":68,"column":20}},"33":{"start":{"line":72,"column":6},"end":{"line":72,"column":96}},"34":{"start":{"line":74,"column":6},"end":{"line":76,"column":7}},"35":{"start":{"line":75,"column":8},"end":{"line":75,"column":20},"skip":true},"36":{"start":{"line":77,"column":6},"end":{"line":77,"column":65}},"37":{"start":{"line":78,"column":6},"end":{"line":78,"column":46}},"38":{"start":{"line":79,"column":6},"end":{"line":79,"column":71}},"39":{"start":{"line":80,"column":6},"end":{"line":86,"column":7}},"40":{"start":{"line":81,"column":8},"end":{"line":85,"column":27}},"41":{"start":{"line":87,"column":6},"end":{"line":87,"column":18}},"42":{"start":{"line":92,"column":0},"end":{"line":92,"column":69}}},"branchMap":{"1":{"line":25,"type":"cond-expr","locations":[{"start":{"line":25,"column":70},"end":{"line":25,"column":73}},{"start":{"line":25,"column":76},"end":{"line":25,"column":92}}]},"2":{"line":25,"type":"binary-expr","locations":[{"start":{"line":25,"column":46},"end":{"line":25,"column":49}},{"start":{"line":25,"column":53},"end":{"line":25,"column":67}}]},"3":{"line":27,"type":"if","locations":[{"start":{"line":27,"column":35},"end":{"line":27,"column":35}},{"start":{"line":27,"column":35},"end":{"line":27,"column":35}}]},"4":{"line":33,"type":"cond-expr","locations":[{"start":{"line":33,"column":43},"end":{"line":33,"column":67},"skip":true},{"start":{"line":33,"column":70},"end":{"line":33,"column":100},"skip":true}]},"5":{"line":67,"type":"if","locations":[{"start":{"line":67,"column":6},"end":{"line":67,"column":6}},{"start":{"line":67,"column":6},"end":{"line":67,"column":6}}]},"6":{"line":74,"type":"if","locations":[{"start":{"line":74,"column":6},"end":{"line":74,"column":6},"skip":true},{"start":{"line":74,"column":6},"end":{"line":74,"column":6}}]},"7":{"line":80,"type":"if","locations":[{"start":{"line":80,"column":6},"end":{"line":80,"column":6}},{"start":{"line":80,"column":6},"end":{"line":80,"column":6}}]}},"code":["'use strict';","","Object.defineProperty(exports, \"__esModule\", {","  value: true","});","","var _joi = require('joi');","","var _joi2 = _interopRequireDefault(_joi);","","var _shelljs = require('shelljs');","","var _memoize2 = require('lodash/memoize');","","var _memoize3 = _interopRequireDefault(_memoize2);","","var _basename = require('basename');","","var _basename2 = _interopRequireDefault(_basename);","","var _findNodeModules = require('find-node-modules');","","var _findNodeModules2 = _interopRequireDefault(_findNodeModules);","","function _interopRequireDefault(obj) { return obj && obj.__esModule ? obj : { default: obj }; }","","function _toConsumableArray(arr) { if (Array.isArray(arr)) { for (var i = 0, arr2 = Array(arr.length); i < arr.length; i++) { arr2[i] = arr[i]; } return arr2; } else { return Array.from(arr); } }","","// It's not super clean to mock this here, but i'm ok with this for now","var getNodeModulesContents = (0, _memoize3.default)(function (dir) {","  // eslint-disable-line arrow-body-style","  /* istanbul ignore next */","  return process.env.NODE_ENV === 'test' ? ['codecov', 'babel-cli'] : new Set((0, _shelljs.ls)(dir));","});","","/**"," * Helpers"," */","var calculateIntersection = function calculateIntersection(set1, set2) {","  return new Set([].concat(_toConsumableArray(set1)).filter(function (x) {","    return set2.has(x);","  }));","};","","var basenameCached = (0, _memoize3.default)(_basename2.default);","","var cachedBasenameLs = (0, _memoize3.default)(function (dir) {","  // TODO: Refactor this to use webpacks `modulesDirectories` somehow","  var files = (0, _shelljs.ls)(dir + '/*{.json,.js,.jsx,.ts}');","  var folders = (0, _shelljs.ls)('-d', dir + '/*/');","  var both = [].concat(_toConsumableArray(files), _toConsumableArray(folders));","  return new Set(both.map(basenameCached));","});","","var customJoi = _joi2.default.extend({","  base: _joi2.default.string(),","  name: 'path',","  language: {","    noRootFilesNodeModulesNameClash: '\\n\\nWhen looking at files/folders in the root path \"{{path}}\",\\n' + 'I found out that there are files/folders that name clash with ' + 'dependencies in your node_modules ({{nodeModuleFolder}}).\\n' + 'The clashing files/folders (extensions removed) are: {{conflictingFiles}}.\\n' + 'This can lead to hard to debug errors, where you for example have ' + 'a folder \"$rootDir/redux\", then `require(\"redux\")` and, instead of resolving ' + 'the npm package \"redux\", *the folder \"$rootDir/redux\" is resolved.*\\n' + 'SOLUTION: rename the clashing files/folders.\\n\\n'","  },","  rules: [{","    name: 'noRootFilesNodeModulesNameClash',","","    validate: function validate(params, path_, state, options) {","      // If the supplied resolve.root path *is* a node_module folder, we'll continue","      // The check doesn't make sense in that case","      if (/node_modules$/.test(path_)) {","        return null;","      }","      // For an initial iteration this node_module resolving is quite simplistic;","      // it just takes the first node_module folder found looking upwards from the given root","      var nodeModuleFolder = (0, _findNodeModules2.default)({ cwd: path_, relative: false })[0];","      /* istanbul ignore if - it's hard to simulate this */","      if (!nodeModuleFolder) {","        return null;","      }","      var nodeModules = getNodeModulesContents(nodeModuleFolder);","      var basenames = cachedBasenameLs(path_);","      var intersection = calculateIntersection(nodeModules, basenames);","      if (intersection.size > 0) {","        return this.createError('path.noRootFilesNodeModulesNameClash', {","          path: path_,","          conflictingFiles: JSON.stringify([].concat(_toConsumableArray(intersection))),","          nodeModuleFolder: nodeModuleFolder","        }, state, options);","      }","      return null; // Everything is OK","    }","  }]","});","","exports.default = customJoi.path().noRootFilesNodeModulesNameClash();"],"l":{"3":1,"7":1,"9":1,"11":1,"13":1,"15":1,"17":1,"19":1,"21":1,"23":1,"25":4,"27":1,"30":1,"33":1,"39":1,"40":0,"41":0,"45":1,"47":1,"49":0,"50":0,"51":0,"52":0,"55":1,"67":0,"68":0,"72":0,"74":0,"75":1,"77":0,"78":0,"79":0,"80":0,"81":0,"87":0,"92":1}},"/home/travis/build/npmtest/node-npmtest-webpack-validator/node_modules/webpack-validator/dist/properties/output/index.js":{"path":"/home/travis/build/npmtest/node-npmtest-webpack-validator/node_modules/webpack-validator/dist/properties/output/index.js","s":{"1":1,"2":1,"3":1,"4":1,"5":1,"6":1,"7":1},"b":{"1":[0,1],"2":[1,1]},"f":{"1":1},"fnMap":{"1":{"name":"_interopRequireDefault","line":13,"loc":{"start":{"line":13,"column":0},"end":{"line":13,"column":37}}}},"statementMap":{"1":{"start":{"line":3,"column":0},"end":{"line":5,"column":3}},"2":{"start":{"line":7,"column":0},"end":{"line":7,"column":26}},"3":{"start":{"line":9,"column":0},"end":{"line":9,"column":41}},"4":{"start":{"line":11,"column":0},"end":{"line":11,"column":36}},"5":{"start":{"line":13,"column":0},"end":{"line":13,"column":95}},"6":{"start":{"line":13,"column":39},"end":{"line":13,"column":93}},"7":{"start":{"line":15,"column":0},"end":{"line":37,"column":3}}},"branchMap":{"1":{"line":13,"type":"cond-expr","locations":[{"start":{"line":13,"column":70},"end":{"line":13,"column":73}},{"start":{"line":13,"column":76},"end":{"line":13,"column":92}}]},"2":{"line":13,"type":"binary-expr","locations":[{"start":{"line":13,"column":46},"end":{"line":13,"column":49}},{"start":{"line":13,"column":53},"end":{"line":13,"column":67}}]}},"code":["'use strict';","","Object.defineProperty(exports, \"__esModule\", {","  value: true","});","","var _joi = require('joi');","","var _joi2 = _interopRequireDefault(_joi);","","var _types = require('../../types');","","function _interopRequireDefault(obj) { return obj && obj.__esModule ? obj : { default: obj }; }","","exports.default = _joi2.default.object({","  filename: _types.notAbsolutePath,","  // don't check for existence here because it could be created in the build process","  path: _types.looksLikeAbsolutePath,","  publicPath: _joi2.default.alternatives().try([_types.urlPart, _joi2.default.string().valid('')]),","  chunkFilename: _types.notAbsolutePath,","  sourceMapFilename: _types.notAbsolutePath,","  devtoolModuleFilenameTemplate: [_types.notAbsolutePath, _joi2.default.func()],","  devtoolFallbackModuleFilenameTemplate: [_types.notAbsolutePath, _joi2.default.func()],","  devtoolLineToLine: _joi2.default.any(),","  hashDigestLength: _joi2.default.number(),","  hotUpdateChunkFilename: _types.notAbsolutePath,","  hotUpdateMainFilename: _types.notAbsolutePath,","  jsonpFunction: _joi2.default.string(),","  hotUpdateFunction: _joi2.default.string(),","  pathinfo: _joi2.default.bool(),","  library: [_types.notAbsolutePath, _joi2.default.array().items(_joi2.default.string())],","  libraryTarget: _joi2.default.string().valid(['var', 'this', 'commonjs', 'commonjs2', 'amd', 'umd']),","  umdNamedDefine: _joi2.default.bool(),","  sourcePrefix: _joi2.default.string(),","  crossOriginLoading: _joi2.default.alternatives().try([_joi2.default.bool().valid(false), _joi2.default.string().valid(['anonymous', 'use-credentials'])]).options({ language: { boolean: {","        base: 'should be `false`, \"anonymous\" or \"use-credentials\"' } } })","});"],"l":{"3":1,"7":1,"9":1,"11":1,"13":1,"15":1}},"/home/travis/build/npmtest/node-npmtest-webpack-validator/node_modules/webpack-validator/dist/properties/watchOptions/index.js":{"path":"/home/travis/build/npmtest/node-npmtest-webpack-validator/node_modules/webpack-validator/dist/properties/watchOptions/index.js","s":{"1":1,"2":1,"3":1,"4":1,"5":1,"6":1},"b":{"1":[0,1],"2":[1,1]},"f":{"1":1},"fnMap":{"1":{"name":"_interopRequireDefault","line":11,"loc":{"start":{"line":11,"column":0},"end":{"line":11,"column":37}}}},"statementMap":{"1":{"start":{"line":3,"column":0},"end":{"line":5,"column":3}},"2":{"start":{"line":7,"column":0},"end":{"line":7,"column":26}},"3":{"start":{"line":9,"column":0},"end":{"line":9,"column":41}},"4":{"start":{"line":11,"column":0},"end":{"line":11,"column":95}},"5":{"start":{"line":11,"column":39},"end":{"line":11,"column":93}},"6":{"start":{"line":13,"column":0},"end":{"line":16,"column":3}}},"branchMap":{"1":{"line":11,"type":"cond-expr","locations":[{"start":{"line":11,"column":70},"end":{"line":11,"column":73}},{"start":{"line":11,"column":76},"end":{"line":11,"column":92}}]},"2":{"line":11,"type":"binary-expr","locations":[{"start":{"line":11,"column":46},"end":{"line":11,"column":49}},{"start":{"line":11,"column":53},"end":{"line":11,"column":67}}]}},"code":["'use strict';","","Object.defineProperty(exports, \"__esModule\", {","  value: true","});","","var _joi = require('joi');","","var _joi2 = _interopRequireDefault(_joi);","","function _interopRequireDefault(obj) { return obj && obj.__esModule ? obj : { default: obj }; }","","exports.default = _joi2.default.object({","  aggregateTimeout: _joi2.default.number(),","  poll: [_joi2.default.bool(), _joi2.default.number()]","});"],"l":{"3":1,"7":1,"9":1,"11":1,"13":1}},"/home/travis/build/npmtest/node-npmtest-webpack-validator/node_modules/webpack-validator/dist/properties/devServer/index.js":{"path":"/home/travis/build/npmtest/node-npmtest-webpack-validator/node_modules/webpack-validator/dist/properties/devServer/index.js","s":{"1":1,"2":1,"3":1,"4":1,"5":1,"6":1,"7":1,"8":2,"9":1},"b":{"1":[1,1],"2":[2,2]},"f":{"1":2},"fnMap":{"1":{"name":"_interopRequireDefault","line":17,"loc":{"start":{"line":17,"column":0},"end":{"line":17,"column":37}}}},"statementMap":{"1":{"start":{"line":3,"column":0},"end":{"line":5,"column":3}},"2":{"start":{"line":7,"column":0},"end":{"line":7,"column":26}},"3":{"start":{"line":9,"column":0},"end":{"line":9,"column":41}},"4":{"start":{"line":11,"column":0},"end":{"line":11,"column":47}},"5":{"start":{"line":13,"column":0},"end":{"line":13,"column":59}},"6":{"start":{"line":15,"column":0},"end":{"line":15,"column":36}},"7":{"start":{"line":17,"column":0},"end":{"line":17,"column":95}},"8":{"start":{"line":17,"column":39},"end":{"line":17,"column":93}},"9":{"start":{"line":19,"column":0},"end":{"line":49,"column":3}}},"branchMap":{"1":{"line":17,"type":"cond-expr","locations":[{"start":{"line":17,"column":70},"end":{"line":17,"column":73}},{"start":{"line":17,"column":76},"end":{"line":17,"column":92}}]},"2":{"line":17,"type":"binary-expr","locations":[{"start":{"line":17,"column":46},"end":{"line":17,"column":49}},{"start":{"line":17,"column":53},"end":{"line":17,"column":67}}]}},"code":["'use strict';","","Object.defineProperty(exports, \"__esModule\", {","  value: true","});","","var _joi = require('joi');","","var _joi2 = _interopRequireDefault(_joi);","","var _watchOptions = require('../watchOptions');","","var _watchOptions2 = _interopRequireDefault(_watchOptions);","","var _types = require('../../types');","","function _interopRequireDefault(obj) { return obj && obj.__esModule ? obj : { default: obj }; }","","exports.default = _joi2.default.object({","  lazy: _joi2.default.boolean(),","  inline: _joi2.default.boolean(),","  stdin: _joi2.default.boolean(),","  open: _joi2.default.boolean(),","  info: _joi2.default.boolean(),","  quiet: _joi2.default.boolean(),","  https: _joi2.default.boolean(),","  key: _joi2.default.binary(),","  cert: _joi2.default.binary(),","  ca: [_joi2.default.binary(), _joi2.default.array().items(_joi2.default.binary())],","  contentBase: [_joi2.default.object(), _joi2.default.array(), _joi2.default.string()],","  historyApiFallback: _joi2.default.alternatives().try([_joi2.default.object(), _joi2.default.boolean()]),","  compress: _joi2.default.boolean(),","  port: _joi2.default.number(),","  public: _joi2.default.string(),","  host: _joi2.default.string(),","  publicPath: _types.urlPart,","  outputPath: _types.urlPart,","  filename: _types.notAbsolutePath,","  watchOptions: _watchOptions2.default,","  hot: _joi2.default.boolean(),","  stats: _joi2.default.alternatives().try([_joi2.default.object(), _joi2.default.string().valid(['none', 'errors-only', 'minimal', 'normal', 'verbose'])]),","  logLevel: _joi2.default.string().valid(['debug', 'info', 'warn', 'error', 'silent']),","  localAddress: _joi2.default.string().regex(/.*:[0-9]+/),","  noInfo: _joi2.default.boolean(),","  proxy: [_joi2.default.object(), _joi2.default.array(), _joi2.default.string()],","  setup: _joi2.default.func().arity(1),","  staticOptions: _joi2.default.object(),","  headers: _joi2.default.object()","});"],"l":{"3":1,"7":1,"9":1,"11":1,"13":1,"15":1,"17":2,"19":1}},"/home/travis/build/npmtest/node-npmtest-webpack-validator/node_modules/webpack-validator/dist/properties/performance/index.js":{"path":"/home/travis/build/npmtest/node-npmtest-webpack-validator/node_modules/webpack-validator/dist/properties/performance/index.js","s":{"1":1,"2":1,"3":1,"4":1,"5":1,"6":1},"b":{"1":[0,1],"2":[1,1]},"f":{"1":1},"fnMap":{"1":{"name":"_interopRequireDefault","line":11,"loc":{"start":{"line":11,"column":0},"end":{"line":11,"column":37}}}},"statementMap":{"1":{"start":{"line":3,"column":0},"end":{"line":5,"column":3}},"2":{"start":{"line":7,"column":0},"end":{"line":7,"column":26}},"3":{"start":{"line":9,"column":0},"end":{"line":9,"column":41}},"4":{"start":{"line":11,"column":0},"end":{"line":11,"column":95}},"5":{"start":{"line":11,"column":39},"end":{"line":11,"column":93}},"6":{"start":{"line":13,"column":0},"end":{"line":15,"column":3}}},"branchMap":{"1":{"line":11,"type":"cond-expr","locations":[{"start":{"line":11,"column":70},"end":{"line":11,"column":73}},{"start":{"line":11,"column":76},"end":{"line":11,"column":92}}]},"2":{"line":11,"type":"binary-expr","locations":[{"start":{"line":11,"column":46},"end":{"line":11,"column":49}},{"start":{"line":11,"column":53},"end":{"line":11,"column":67}}]}},"code":["'use strict';","","Object.defineProperty(exports, \"__esModule\", {","  value: true","});","","var _joi = require('joi');","","var _joi2 = _interopRequireDefault(_joi);","","function _interopRequireDefault(obj) { return obj && obj.__esModule ? obj : { default: obj }; }","","exports.default = _joi2.default.object({","  hints: _joi2.default.boolean()","});"],"l":{"3":1,"7":1,"9":1,"11":1,"13":1}}}